{"C:\\collage\\web-app-assignment\\dist\\server.js": {"path":"C:\\collage\\web-app-assignment\\dist\\server.js","statementMap":{"0":{"start":{"line":2,"column":22},"end":{"line":4,"column":1}},"1":{"start":{"line":3,"column":4},"end":{"line":3,"column":62}},"2":{"start":{"line":5,"column":0},"end":{"line":5,"column":62}},"3":{"start":{"line":6,"column":22},"end":{"line":6,"column":61}},"4":{"start":{"line":7,"column":17},"end":{"line":7,"column":51}},"5":{"start":{"line":8,"column":18},"end":{"line":8,"column":53}},"6":{"start":{"line":9,"column":19},"end":{"line":9,"column":55}},"7":{"start":{"line":10,"column":24},"end":{"line":10,"column":74}},"8":{"start":{"line":11,"column":21},"end":{"line":11,"column":68}},"9":{"start":{"line":12,"column":21},"end":{"line":12,"column":68}},"10":{"start":{"line":13,"column":0},"end":{"line":13,"column":26}},"11":{"start":{"line":14,"column":12},"end":{"line":14,"column":36}},"12":{"start":{"line":15,"column":0},"end":{"line":15,"column":38}},"13":{"start":{"line":16,"column":0},"end":{"line":16,"column":62}},"14":{"start":{"line":17,"column":0},"end":{"line":17,"column":40}},"15":{"start":{"line":18,"column":0},"end":{"line":18,"column":46}},"16":{"start":{"line":19,"column":0},"end":{"line":19,"column":40}},"17":{"start":{"line":20,"column":11},"end":{"line":20,"column":40}},"18":{"start":{"line":21,"column":0},"end":{"line":21,"column":48}},"19":{"start":{"line":21,"column":26},"end":{"line":21,"column":46}},"20":{"start":{"line":22,"column":0},"end":{"line":22,"column":60}},"21":{"start":{"line":22,"column":22},"end":{"line":22,"column":58}},"22":{"start":{"line":23,"column":17},"end":{"line":39,"column":1}},"23":{"start":{"line":24,"column":4},"end":{"line":38,"column":7}},"24":{"start":{"line":25,"column":8},"end":{"line":37,"column":9}},"25":{"start":{"line":26,"column":12},"end":{"line":26,"column":61}},"26":{"start":{"line":29,"column":12},"end":{"line":36,"column":15}},"27":{"start":{"line":32,"column":16},"end":{"line":32,"column":29}},"28":{"start":{"line":35,"column":16},"end":{"line":35,"column":30}},"29":{"start":{"line":40,"column":0},"end":{"line":40,"column":27}}},"fnMap":{"0":{"name":"(anonymous_0)","decl":{"start":{"line":2,"column":56},"end":{"line":2,"column":57}},"loc":{"start":{"line":2,"column":71},"end":{"line":4,"column":1}},"line":2},"1":{"name":"(anonymous_1)","decl":{"start":{"line":21,"column":15},"end":{"line":21,"column":16}},"loc":{"start":{"line":21,"column":26},"end":{"line":21,"column":46}},"line":21},"2":{"name":"(anonymous_2)","decl":{"start":{"line":22,"column":16},"end":{"line":22,"column":17}},"loc":{"start":{"line":22,"column":22},"end":{"line":22,"column":58}},"line":22},"3":{"name":"(anonymous_3)","decl":{"start":{"line":23,"column":17},"end":{"line":23,"column":18}},"loc":{"start":{"line":23,"column":23},"end":{"line":39,"column":1}},"line":23},"4":{"name":"(anonymous_4)","decl":{"start":{"line":24,"column":23},"end":{"line":24,"column":24}},"loc":{"start":{"line":24,"column":44},"end":{"line":38,"column":5}},"line":24},"5":{"name":"(anonymous_5)","decl":{"start":{"line":31,"column":22},"end":{"line":31,"column":23}},"loc":{"start":{"line":31,"column":28},"end":{"line":33,"column":13}},"line":31},"6":{"name":"(anonymous_6)","decl":{"start":{"line":34,"column":23},"end":{"line":34,"column":24}},"loc":{"start":{"line":34,"column":34},"end":{"line":36,"column":13}},"line":34}},"branchMap":{"0":{"loc":{"start":{"line":2,"column":22},"end":{"line":4,"column":1}},"type":"binary-expr","locations":[{"start":{"line":2,"column":23},"end":{"line":2,"column":27}},{"start":{"line":2,"column":31},"end":{"line":2,"column":51}},{"start":{"line":2,"column":56},"end":{"line":4,"column":1}}],"line":2},"1":{"loc":{"start":{"line":3,"column":11},"end":{"line":3,"column":61}},"type":"cond-expr","locations":[{"start":{"line":3,"column":37},"end":{"line":3,"column":40}},{"start":{"line":3,"column":43},"end":{"line":3,"column":61}}],"line":3},"2":{"loc":{"start":{"line":3,"column":12},"end":{"line":3,"column":33}},"type":"binary-expr","locations":[{"start":{"line":3,"column":12},"end":{"line":3,"column":15}},{"start":{"line":3,"column":19},"end":{"line":3,"column":33}}],"line":3},"3":{"loc":{"start":{"line":25,"column":8},"end":{"line":37,"column":9}},"type":"if","locations":[{"start":{"line":25,"column":8},"end":{"line":37,"column":9}},{"start":{"line":28,"column":13},"end":{"line":37,"column":9}}],"line":25}},"s":{"0":3,"1":21,"2":3,"3":3,"4":3,"5":3,"6":3,"7":3,"8":3,"9":3,"10":3,"11":3,"12":3,"13":3,"14":3,"15":3,"16":3,"17":3,"18":3,"19":0,"20":3,"21":3,"22":3,"23":3,"24":3,"25":0,"26":3,"27":3,"28":0,"29":3},"f":{"0":21,"1":0,"2":3,"3":3,"4":3,"5":3,"6":0},"b":{"0":[3,3,3],"1":[9,12],"2":[21,21],"3":[0,3]},"inputSourceMap":null,"_coverageSchema":"1a1c01bbd47fc00a2c39e90264f33305004495a9","hash":"5bf381537ec34f4564850bfc2424b29fd08ca9bd"}
,"C:\\collage\\web-app-assignment\\dist\\controllers\\baseController.js": {"path":"C:\\collage\\web-app-assignment\\dist\\controllers\\baseController.js","statementMap":{"0":{"start":{"line":2,"column":0},"end":{"line":2,"column":62}},"1":{"start":{"line":5,"column":8},"end":{"line":5,"column":27}},"2":{"start":{"line":6,"column":8},"end":{"line":6,"column":45}},"3":{"start":{"line":7,"column":8},"end":{"line":7,"column":45}},"4":{"start":{"line":8,"column":8},"end":{"line":8,"column":47}},"5":{"start":{"line":9,"column":8},"end":{"line":9,"column":45}},"6":{"start":{"line":10,"column":8},"end":{"line":10,"column":45}},"7":{"start":{"line":13,"column":8},"end":{"line":24,"column":9}},"8":{"start":{"line":14,"column":27},"end":{"line":14,"column":29}},"9":{"start":{"line":15,"column":12},"end":{"line":18,"column":13}},"10":{"start":{"line":16,"column":16},"end":{"line":17,"column":53}},"11":{"start":{"line":17,"column":20},"end":{"line":17,"column":53}},"12":{"start":{"line":19,"column":26},"end":{"line":19,"column":55}},"13":{"start":{"line":20,"column":12},"end":{"line":20,"column":28}},"14":{"start":{"line":23,"column":12},"end":{"line":23,"column":40}},"15":{"start":{"line":27,"column":8},"end":{"line":27,"column":18}},"16":{"start":{"line":30,"column":19},"end":{"line":30,"column":32}},"17":{"start":{"line":31,"column":8},"end":{"line":42,"column":9}},"18":{"start":{"line":32,"column":25},"end":{"line":32,"column":54}},"19":{"start":{"line":33,"column":12},"end":{"line":38,"column":13}},"20":{"start":{"line":34,"column":16},"end":{"line":34,"column":31}},"21":{"start":{"line":37,"column":16},"end":{"line":37,"column":50}},"22":{"start":{"line":41,"column":12},"end":{"line":41,"column":40}},"23":{"start":{"line":45,"column":21},"end":{"line":45,"column":29}},"24":{"start":{"line":46,"column":8},"end":{"line":52,"column":9}},"25":{"start":{"line":47,"column":25},"end":{"line":47,"column":54}},"26":{"start":{"line":48,"column":12},"end":{"line":48,"column":39}},"27":{"start":{"line":51,"column":12},"end":{"line":51,"column":40}},"28":{"start":{"line":55,"column":19},"end":{"line":55,"column":32}},"29":{"start":{"line":56,"column":8},"end":{"line":62,"column":9}},"30":{"start":{"line":57,"column":23},"end":{"line":57,"column":61}},"31":{"start":{"line":58,"column":12},"end":{"line":58,"column":37}},"32":{"start":{"line":61,"column":12},"end":{"line":61,"column":40}},"33":{"start":{"line":65,"column":8},"end":{"line":65,"column":18}},"34":{"start":{"line":68,"column":19},"end":{"line":68,"column":82}},"35":{"start":{"line":69,"column":27},"end":{"line":69,"column":29}},"36":{"start":{"line":70,"column":8},"end":{"line":73,"column":9}},"37":{"start":{"line":71,"column":12},"end":{"line":72,"column":52}},"38":{"start":{"line":72,"column":16},"end":{"line":72,"column":52}},"39":{"start":{"line":74,"column":8},"end":{"line":88,"column":9}},"40":{"start":{"line":75,"column":27},"end":{"line":75,"column":38}},"41":{"start":{"line":76,"column":25},"end":{"line":78,"column":14}},"42":{"start":{"line":79,"column":12},"end":{"line":84,"column":13}},"43":{"start":{"line":80,"column":16},"end":{"line":80,"column":43}},"44":{"start":{"line":83,"column":16},"end":{"line":83,"column":50}},"45":{"start":{"line":87,"column":12},"end":{"line":87,"column":40}},"46":{"start":{"line":91,"column":0},"end":{"line":91,"column":33}}},"fnMap":{"0":{"name":"(anonymous_0)","decl":{"start":{"line":4,"column":4},"end":{"line":4,"column":5}},"loc":{"start":{"line":4,"column":23},"end":{"line":11,"column":5}},"line":4},"1":{"name":"(anonymous_1)","decl":{"start":{"line":12,"column":4},"end":{"line":12,"column":5}},"loc":{"start":{"line":12,"column":27},"end":{"line":25,"column":5}},"line":12},"2":{"name":"(anonymous_2)","decl":{"start":{"line":26,"column":4},"end":{"line":26,"column":5}},"loc":{"start":{"line":26,"column":22},"end":{"line":28,"column":5}},"line":26},"3":{"name":"(anonymous_3)","decl":{"start":{"line":29,"column":4},"end":{"line":29,"column":5}},"loc":{"start":{"line":29,"column":28},"end":{"line":43,"column":5}},"line":29},"4":{"name":"(anonymous_4)","decl":{"start":{"line":44,"column":4},"end":{"line":44,"column":5}},"loc":{"start":{"line":44,"column":27},"end":{"line":53,"column":5}},"line":44},"5":{"name":"(anonymous_5)","decl":{"start":{"line":54,"column":4},"end":{"line":54,"column":5}},"loc":{"start":{"line":54,"column":27},"end":{"line":63,"column":5}},"line":54},"6":{"name":"(anonymous_6)","decl":{"start":{"line":64,"column":4},"end":{"line":64,"column":5}},"loc":{"start":{"line":64,"column":22},"end":{"line":66,"column":5}},"line":64},"7":{"name":"(anonymous_7)","decl":{"start":{"line":67,"column":4},"end":{"line":67,"column":5}},"loc":{"start":{"line":67,"column":27},"end":{"line":89,"column":5}},"line":67}},"branchMap":{"0":{"loc":{"start":{"line":16,"column":16},"end":{"line":17,"column":53}},"type":"if","locations":[{"start":{"line":16,"column":16},"end":{"line":17,"column":53}},{"start":{},"end":{}}],"line":16},"1":{"loc":{"start":{"line":33,"column":12},"end":{"line":38,"column":13}},"type":"if","locations":[{"start":{"line":33,"column":12},"end":{"line":38,"column":13}},{"start":{"line":36,"column":17},"end":{"line":38,"column":13}}],"line":33},"2":{"loc":{"start":{"line":68,"column":19},"end":{"line":68,"column":82}},"type":"cond-expr","locations":[{"start":{"line":68,"column":50},"end":{"line":68,"column":66}},{"start":{"line":68,"column":69},"end":{"line":68,"column":82}}],"line":68},"3":{"loc":{"start":{"line":71,"column":12},"end":{"line":72,"column":52}},"type":"if","locations":[{"start":{"line":71,"column":12},"end":{"line":72,"column":52}},{"start":{},"end":{}}],"line":71},"4":{"loc":{"start":{"line":79,"column":12},"end":{"line":84,"column":13}},"type":"if","locations":[{"start":{"line":79,"column":12},"end":{"line":84,"column":13}},{"start":{"line":82,"column":17},"end":{"line":84,"column":13}}],"line":79}},"s":{"0":3,"1":9,"2":9,"3":9,"4":9,"5":9,"6":9,"7":16,"8":16,"9":16,"10":32,"11":5,"12":16,"13":15,"14":1,"15":0,"16":2,"17":2,"18":2,"19":2,"20":1,"21":1,"22":0,"23":23,"24":23,"25":23,"26":3,"27":20,"28":4,"29":4,"30":4,"31":3,"32":1,"33":0,"34":3,"35":3,"36":3,"37":9,"38":3,"39":3,"40":3,"41":3,"42":3,"43":2,"44":1,"45":0,"46":3},"f":{"0":9,"1":16,"2":0,"3":2,"4":23,"5":4,"6":0,"7":3},"b":{"0":[5,27],"1":[1,1],"2":[0,3],"3":[3,6],"4":[2,1]},"inputSourceMap":null,"_coverageSchema":"1a1c01bbd47fc00a2c39e90264f33305004495a9","hash":"8fddc4dde33e9405a5260229dc10a9848801be2a"}
,"C:\\collage\\web-app-assignment\\dist\\controllers\\commentsController.js": {"path":"C:\\collage\\web-app-assignment\\dist\\controllers\\commentsController.js","statementMap":{"0":{"start":{"line":2,"column":22},"end":{"line":4,"column":1}},"1":{"start":{"line":3,"column":4},"end":{"line":3,"column":62}},"2":{"start":{"line":5,"column":0},"end":{"line":5,"column":62}},"3":{"start":{"line":6,"column":24},"end":{"line":6,"column":75}},"4":{"start":{"line":7,"column":25},"end":{"line":7,"column":69}},"5":{"start":{"line":8,"column":20},"end":{"line":8,"column":67}},"6":{"start":{"line":9,"column":20},"end":{"line":9,"column":67}},"7":{"start":{"line":12,"column":8},"end":{"line":12,"column":39}},"8":{"start":{"line":15,"column":8},"end":{"line":32,"column":9}},"9":{"start":{"line":16,"column":12},"end":{"line":21,"column":13}},"10":{"start":{"line":17,"column":16},"end":{"line":20,"column":17}},"11":{"start":{"line":18,"column":20},"end":{"line":18,"column":59}},"12":{"start":{"line":19,"column":20},"end":{"line":19,"column":27}},"13":{"start":{"line":22,"column":12},"end":{"line":27,"column":13}},"14":{"start":{"line":23,"column":16},"end":{"line":26,"column":17}},"15":{"start":{"line":24,"column":20},"end":{"line":24,"column":61}},"16":{"start":{"line":25,"column":20},"end":{"line":25,"column":27}},"17":{"start":{"line":28,"column":12},"end":{"line":28,"column":41}},"18":{"start":{"line":31,"column":12},"end":{"line":31,"column":40}},"19":{"start":{"line":35,"column":8},"end":{"line":35,"column":36}},"20":{"start":{"line":38,"column":8},"end":{"line":38,"column":27}},"21":{"start":{"line":41,"column":0},"end":{"line":41,"column":43}}},"fnMap":{"0":{"name":"(anonymous_0)","decl":{"start":{"line":2,"column":56},"end":{"line":2,"column":57}},"loc":{"start":{"line":2,"column":71},"end":{"line":4,"column":1}},"line":2},"1":{"name":"(anonymous_1)","decl":{"start":{"line":11,"column":4},"end":{"line":11,"column":5}},"loc":{"start":{"line":11,"column":18},"end":{"line":13,"column":5}},"line":11},"2":{"name":"(anonymous_2)","decl":{"start":{"line":14,"column":4},"end":{"line":14,"column":5}},"loc":{"start":{"line":14,"column":27},"end":{"line":33,"column":5}},"line":14},"3":{"name":"(anonymous_3)","decl":{"start":{"line":34,"column":4},"end":{"line":34,"column":5}},"loc":{"start":{"line":34,"column":22},"end":{"line":36,"column":5}},"line":34},"4":{"name":"(anonymous_4)","decl":{"start":{"line":37,"column":4},"end":{"line":37,"column":5}},"loc":{"start":{"line":37,"column":22},"end":{"line":39,"column":5}},"line":37}},"branchMap":{"0":{"loc":{"start":{"line":2,"column":22},"end":{"line":4,"column":1}},"type":"binary-expr","locations":[{"start":{"line":2,"column":23},"end":{"line":2,"column":27}},{"start":{"line":2,"column":31},"end":{"line":2,"column":51}},{"start":{"line":2,"column":56},"end":{"line":4,"column":1}}],"line":2},"1":{"loc":{"start":{"line":3,"column":11},"end":{"line":3,"column":61}},"type":"cond-expr","locations":[{"start":{"line":3,"column":37},"end":{"line":3,"column":40}},{"start":{"line":3,"column":43},"end":{"line":3,"column":61}}],"line":3},"2":{"loc":{"start":{"line":3,"column":12},"end":{"line":3,"column":33}},"type":"binary-expr","locations":[{"start":{"line":3,"column":12},"end":{"line":3,"column":15}},{"start":{"line":3,"column":19},"end":{"line":3,"column":33}}],"line":3},"3":{"loc":{"start":{"line":16,"column":12},"end":{"line":21,"column":13}},"type":"if","locations":[{"start":{"line":16,"column":12},"end":{"line":21,"column":13}},{"start":{},"end":{}}],"line":16},"4":{"loc":{"start":{"line":17,"column":16},"end":{"line":20,"column":17}},"type":"if","locations":[{"start":{"line":17,"column":16},"end":{"line":20,"column":17}},{"start":{},"end":{}}],"line":17},"5":{"loc":{"start":{"line":22,"column":12},"end":{"line":27,"column":13}},"type":"if","locations":[{"start":{"line":22,"column":12},"end":{"line":27,"column":13}},{"start":{},"end":{}}],"line":22},"6":{"loc":{"start":{"line":23,"column":16},"end":{"line":26,"column":17}},"type":"if","locations":[{"start":{"line":23,"column":16},"end":{"line":26,"column":17}},{"start":{},"end":{}}],"line":23}},"s":{"0":3,"1":12,"2":3,"3":3,"4":3,"5":3,"6":3,"7":3,"8":9,"9":9,"10":0,"11":0,"12":0,"13":9,"14":7,"15":2,"16":2,"17":7,"18":0,"19":6,"20":0,"21":3},"f":{"0":12,"1":3,"2":9,"3":6,"4":0},"b":{"0":[3,3,3],"1":[12,0],"2":[12,12],"3":[0,9],"4":[0,0],"5":[7,2],"6":[2,5]},"inputSourceMap":null,"_coverageSchema":"1a1c01bbd47fc00a2c39e90264f33305004495a9","hash":"7a91e2d03aa2b90c86f35efb2c908df7a65bb108"}
,"C:\\collage\\web-app-assignment\\dist\\controllers\\postsController.js": {"path":"C:\\collage\\web-app-assignment\\dist\\controllers\\postsController.js","statementMap":{"0":{"start":{"line":2,"column":22},"end":{"line":4,"column":1}},"1":{"start":{"line":3,"column":4},"end":{"line":3,"column":62}},"2":{"start":{"line":5,"column":0},"end":{"line":5,"column":62}},"3":{"start":{"line":6,"column":24},"end":{"line":6,"column":75}},"4":{"start":{"line":7,"column":25},"end":{"line":7,"column":69}},"5":{"start":{"line":8,"column":20},"end":{"line":8,"column":67}},"6":{"start":{"line":9,"column":19},"end":{"line":9,"column":38}},"7":{"start":{"line":12,"column":8},"end":{"line":12,"column":39}},"8":{"start":{"line":15,"column":8},"end":{"line":26,"column":9}},"9":{"start":{"line":16,"column":12},"end":{"line":21,"column":13}},"10":{"start":{"line":17,"column":31},"end":{"line":17,"column":77}},"11":{"start":{"line":18,"column":16},"end":{"line":20,"column":17}},"12":{"start":{"line":19,"column":20},"end":{"line":19,"column":56}},"13":{"start":{"line":22,"column":12},"end":{"line":22,"column":41}},"14":{"start":{"line":25,"column":12},"end":{"line":25,"column":48}},"15":{"start":{"line":29,"column":8},"end":{"line":29,"column":36}},"16":{"start":{"line":32,"column":8},"end":{"line":32,"column":27}},"17":{"start":{"line":35,"column":0},"end":{"line":35,"column":43}}},"fnMap":{"0":{"name":"(anonymous_0)","decl":{"start":{"line":2,"column":56},"end":{"line":2,"column":57}},"loc":{"start":{"line":2,"column":71},"end":{"line":4,"column":1}},"line":2},"1":{"name":"(anonymous_1)","decl":{"start":{"line":11,"column":4},"end":{"line":11,"column":5}},"loc":{"start":{"line":11,"column":18},"end":{"line":13,"column":5}},"line":11},"2":{"name":"(anonymous_2)","decl":{"start":{"line":14,"column":4},"end":{"line":14,"column":5}},"loc":{"start":{"line":14,"column":27},"end":{"line":27,"column":5}},"line":14},"3":{"name":"(anonymous_3)","decl":{"start":{"line":28,"column":4},"end":{"line":28,"column":5}},"loc":{"start":{"line":28,"column":22},"end":{"line":30,"column":5}},"line":28},"4":{"name":"(anonymous_4)","decl":{"start":{"line":31,"column":4},"end":{"line":31,"column":5}},"loc":{"start":{"line":31,"column":22},"end":{"line":33,"column":5}},"line":31}},"branchMap":{"0":{"loc":{"start":{"line":2,"column":22},"end":{"line":4,"column":1}},"type":"binary-expr","locations":[{"start":{"line":2,"column":23},"end":{"line":2,"column":27}},{"start":{"line":2,"column":31},"end":{"line":2,"column":51}},{"start":{"line":2,"column":56},"end":{"line":4,"column":1}}],"line":2},"1":{"loc":{"start":{"line":3,"column":11},"end":{"line":3,"column":61}},"type":"cond-expr","locations":[{"start":{"line":3,"column":37},"end":{"line":3,"column":40}},{"start":{"line":3,"column":43},"end":{"line":3,"column":61}}],"line":3},"2":{"loc":{"start":{"line":3,"column":12},"end":{"line":3,"column":33}},"type":"binary-expr","locations":[{"start":{"line":3,"column":12},"end":{"line":3,"column":15}},{"start":{"line":3,"column":19},"end":{"line":3,"column":33}}],"line":3},"3":{"loc":{"start":{"line":16,"column":12},"end":{"line":21,"column":13}},"type":"if","locations":[{"start":{"line":16,"column":12},"end":{"line":21,"column":13}},{"start":{},"end":{}}],"line":16},"4":{"loc":{"start":{"line":18,"column":16},"end":{"line":20,"column":17}},"type":"if","locations":[{"start":{"line":18,"column":16},"end":{"line":20,"column":17}},{"start":{},"end":{}}],"line":18}},"s":{"0":3,"1":9,"2":3,"3":3,"4":3,"5":3,"6":3,"7":3,"8":8,"9":8,"10":6,"11":6,"12":1,"13":7,"14":1,"15":6,"16":0,"17":3},"f":{"0":9,"1":3,"2":8,"3":6,"4":0},"b":{"0":[3,3,3],"1":[9,0],"2":[9,9],"3":[6,2],"4":[1,5]},"inputSourceMap":null,"_coverageSchema":"1a1c01bbd47fc00a2c39e90264f33305004495a9","hash":"b4cf9ed455bd3a42f32ce2036039e51650f62f3d"}
,"C:\\collage\\web-app-assignment\\dist\\controllers\\usersController.js": {"path":"C:\\collage\\web-app-assignment\\dist\\controllers\\usersController.js","statementMap":{"0":{"start":{"line":2,"column":22},"end":{"line":4,"column":1}},"1":{"start":{"line":3,"column":4},"end":{"line":3,"column":62}},"2":{"start":{"line":5,"column":0},"end":{"line":5,"column":62}},"3":{"start":{"line":6,"column":20},"end":{"line":6,"column":67}},"4":{"start":{"line":7,"column":25},"end":{"line":7,"column":69}},"5":{"start":{"line":8,"column":17},"end":{"line":8,"column":51}},"6":{"start":{"line":11,"column":8},"end":{"line":11,"column":35}},"7":{"start":{"line":14,"column":8},"end":{"line":25,"column":9}},"8":{"start":{"line":15,"column":29},"end":{"line":15,"column":48}},"9":{"start":{"line":16,"column":12},"end":{"line":20,"column":13}},"10":{"start":{"line":17,"column":29},"end":{"line":17,"column":63}},"11":{"start":{"line":18,"column":39},"end":{"line":18,"column":82}},"12":{"start":{"line":19,"column":16},"end":{"line":19,"column":51}},"13":{"start":{"line":21,"column":12},"end":{"line":21,"column":41}},"14":{"start":{"line":24,"column":12},"end":{"line":24,"column":40}},"15":{"start":{"line":28,"column":8},"end":{"line":28,"column":37}},"16":{"start":{"line":31,"column":8},"end":{"line":31,"column":49}},"17":{"start":{"line":34,"column":0},"end":{"line":34,"column":40}}},"fnMap":{"0":{"name":"(anonymous_0)","decl":{"start":{"line":2,"column":56},"end":{"line":2,"column":57}},"loc":{"start":{"line":2,"column":71},"end":{"line":4,"column":1}},"line":2},"1":{"name":"(anonymous_1)","decl":{"start":{"line":10,"column":4},"end":{"line":10,"column":5}},"loc":{"start":{"line":10,"column":18},"end":{"line":12,"column":5}},"line":10},"2":{"name":"(anonymous_2)","decl":{"start":{"line":13,"column":4},"end":{"line":13,"column":5}},"loc":{"start":{"line":13,"column":27},"end":{"line":26,"column":5}},"line":13},"3":{"name":"(anonymous_3)","decl":{"start":{"line":27,"column":4},"end":{"line":27,"column":5}},"loc":{"start":{"line":27,"column":22},"end":{"line":29,"column":5}},"line":27},"4":{"name":"(anonymous_4)","decl":{"start":{"line":30,"column":4},"end":{"line":30,"column":5}},"loc":{"start":{"line":30,"column":22},"end":{"line":32,"column":5}},"line":30}},"branchMap":{"0":{"loc":{"start":{"line":2,"column":22},"end":{"line":4,"column":1}},"type":"binary-expr","locations":[{"start":{"line":2,"column":23},"end":{"line":2,"column":27}},{"start":{"line":2,"column":31},"end":{"line":2,"column":51}},{"start":{"line":2,"column":56},"end":{"line":4,"column":1}}],"line":2},"1":{"loc":{"start":{"line":3,"column":11},"end":{"line":3,"column":61}},"type":"cond-expr","locations":[{"start":{"line":3,"column":37},"end":{"line":3,"column":40}},{"start":{"line":3,"column":43},"end":{"line":3,"column":61}}],"line":3},"2":{"loc":{"start":{"line":3,"column":12},"end":{"line":3,"column":33}},"type":"binary-expr","locations":[{"start":{"line":3,"column":12},"end":{"line":3,"column":15}},{"start":{"line":3,"column":19},"end":{"line":3,"column":33}}],"line":3},"3":{"loc":{"start":{"line":16,"column":12},"end":{"line":20,"column":13}},"type":"if","locations":[{"start":{"line":16,"column":12},"end":{"line":20,"column":13}},{"start":{},"end":{}}],"line":16}},"s":{"0":3,"1":9,"2":3,"3":3,"4":3,"5":3,"6":3,"7":9,"8":9,"9":9,"10":7,"11":7,"12":7,"13":9,"14":0,"15":4,"16":3,"17":3},"f":{"0":9,"1":3,"2":9,"3":4,"4":3},"b":{"0":[3,3,3],"1":[6,3],"2":[9,9],"3":[7,2]},"inputSourceMap":null,"_coverageSchema":"1a1c01bbd47fc00a2c39e90264f33305004495a9","hash":"2a805dc6dd7c21f21b277cb3ad55268d9b5d2e96"}
,"C:\\collage\\web-app-assignment\\dist\\models\\commentsModel.js": {"path":"C:\\collage\\web-app-assignment\\dist\\models\\commentsModel.js","statementMap":{"0":{"start":{"line":2,"column":0},"end":{"line":2,"column":62}},"1":{"start":{"line":3,"column":19},"end":{"line":3,"column":38}},"2":{"start":{"line":4,"column":22},"end":{"line":18,"column":2}},"3":{"start":{"line":19,"column":21},"end":{"line":19,"column":69}},"4":{"start":{"line":20,"column":0},"end":{"line":20,"column":31}}},"fnMap":{},"branchMap":{},"s":{"0":3,"1":3,"2":3,"3":3,"4":3},"f":{},"b":{},"inputSourceMap":null,"_coverageSchema":"1a1c01bbd47fc00a2c39e90264f33305004495a9","hash":"00625eef4aec85508024eb3086d626b114f47980"}
,"C:\\collage\\web-app-assignment\\dist\\models\\postModel.js": {"path":"C:\\collage\\web-app-assignment\\dist\\models\\postModel.js","statementMap":{"0":{"start":{"line":2,"column":0},"end":{"line":2,"column":62}},"1":{"start":{"line":3,"column":19},"end":{"line":3,"column":38}},"2":{"start":{"line":4,"column":19},"end":{"line":14,"column":2}},"3":{"start":{"line":15,"column":18},"end":{"line":15,"column":60}},"4":{"start":{"line":16,"column":0},"end":{"line":16,"column":28}}},"fnMap":{},"branchMap":{},"s":{"0":3,"1":3,"2":3,"3":3,"4":3},"f":{},"b":{},"inputSourceMap":null,"_coverageSchema":"1a1c01bbd47fc00a2c39e90264f33305004495a9","hash":"bda3f0257e6344265299a3f4fffee2770a571f34"}
,"C:\\collage\\web-app-assignment\\dist\\models\\userModel.js": {"path":"C:\\collage\\web-app-assignment\\dist\\models\\userModel.js","statementMap":{"0":{"start":{"line":2,"column":0},"end":{"line":2,"column":62}},"1":{"start":{"line":3,"column":19},"end":{"line":3,"column":38}},"2":{"start":{"line":4,"column":19},"end":{"line":19,"column":2}},"3":{"start":{"line":20,"column":18},"end":{"line":20,"column":60}},"4":{"start":{"line":21,"column":0},"end":{"line":21,"column":28}}},"fnMap":{},"branchMap":{},"s":{"0":3,"1":3,"2":3,"3":3,"4":3},"f":{},"b":{},"inputSourceMap":null,"_coverageSchema":"1a1c01bbd47fc00a2c39e90264f33305004495a9","hash":"87d598d29c3cce646b815864d566872db9cd8821"}
,"C:\\collage\\web-app-assignment\\dist\\routes\\commentRoutes.js": {"path":"C:\\collage\\web-app-assignment\\dist\\routes\\commentRoutes.js","statementMap":{"0":{"start":{"line":2,"column":22},"end":{"line":4,"column":1}},"1":{"start":{"line":3,"column":4},"end":{"line":3,"column":62}},"2":{"start":{"line":5,"column":0},"end":{"line":5,"column":62}},"3":{"start":{"line":6,"column":18},"end":{"line":6,"column":36}},"4":{"start":{"line":7,"column":29},"end":{"line":7,"column":90}},"5":{"start":{"line":8,"column":15},"end":{"line":8,"column":38}},"6":{"start":{"line":9,"column":0},"end":{"line":9,"column":53}},"7":{"start":{"line":10,"column":0},"end":{"line":10,"column":57}},"8":{"start":{"line":11,"column":0},"end":{"line":11,"column":54}},"9":{"start":{"line":12,"column":0},"end":{"line":12,"column":56}},"10":{"start":{"line":13,"column":0},"end":{"line":13,"column":59}},"11":{"start":{"line":14,"column":0},"end":{"line":14,"column":25}}},"fnMap":{"0":{"name":"(anonymous_0)","decl":{"start":{"line":2,"column":56},"end":{"line":2,"column":57}},"loc":{"start":{"line":2,"column":71},"end":{"line":4,"column":1}},"line":2}},"branchMap":{"0":{"loc":{"start":{"line":2,"column":22},"end":{"line":4,"column":1}},"type":"binary-expr","locations":[{"start":{"line":2,"column":23},"end":{"line":2,"column":27}},{"start":{"line":2,"column":31},"end":{"line":2,"column":51}},{"start":{"line":2,"column":56},"end":{"line":4,"column":1}}],"line":2},"1":{"loc":{"start":{"line":3,"column":11},"end":{"line":3,"column":61}},"type":"cond-expr","locations":[{"start":{"line":3,"column":37},"end":{"line":3,"column":40}},{"start":{"line":3,"column":43},"end":{"line":3,"column":61}}],"line":3},"2":{"loc":{"start":{"line":3,"column":12},"end":{"line":3,"column":33}},"type":"binary-expr","locations":[{"start":{"line":3,"column":12},"end":{"line":3,"column":15}},{"start":{"line":3,"column":19},"end":{"line":3,"column":33}}],"line":3}},"s":{"0":3,"1":3,"2":3,"3":3,"4":3,"5":3,"6":3,"7":3,"8":3,"9":3,"10":3,"11":3},"f":{"0":3},"b":{"0":[3,3,3],"1":[3,0],"2":[3,3]},"inputSourceMap":null,"_coverageSchema":"1a1c01bbd47fc00a2c39e90264f33305004495a9","hash":"4b9f6f4030a6dc7fe131b6490f684126ab5717f8"}
,"C:\\collage\\web-app-assignment\\dist\\routes\\postRoutes.js": {"path":"C:\\collage\\web-app-assignment\\dist\\routes\\postRoutes.js","statementMap":{"0":{"start":{"line":2,"column":22},"end":{"line":4,"column":1}},"1":{"start":{"line":3,"column":4},"end":{"line":3,"column":62}},"2":{"start":{"line":5,"column":0},"end":{"line":5,"column":62}},"3":{"start":{"line":6,"column":18},"end":{"line":6,"column":36}},"4":{"start":{"line":7,"column":26},"end":{"line":7,"column":84}},"5":{"start":{"line":8,"column":15},"end":{"line":8,"column":38}},"6":{"start":{"line":9,"column":0},"end":{"line":9,"column":50}},"7":{"start":{"line":10,"column":0},"end":{"line":10,"column":51}},"8":{"start":{"line":11,"column":0},"end":{"line":11,"column":54}},"9":{"start":{"line":12,"column":0},"end":{"line":12,"column":53}},"10":{"start":{"line":13,"column":0},"end":{"line":13,"column":56}},"11":{"start":{"line":14,"column":0},"end":{"line":14,"column":25}}},"fnMap":{"0":{"name":"(anonymous_0)","decl":{"start":{"line":2,"column":56},"end":{"line":2,"column":57}},"loc":{"start":{"line":2,"column":71},"end":{"line":4,"column":1}},"line":2}},"branchMap":{"0":{"loc":{"start":{"line":2,"column":22},"end":{"line":4,"column":1}},"type":"binary-expr","locations":[{"start":{"line":2,"column":23},"end":{"line":2,"column":27}},{"start":{"line":2,"column":31},"end":{"line":2,"column":51}},{"start":{"line":2,"column":56},"end":{"line":4,"column":1}}],"line":2},"1":{"loc":{"start":{"line":3,"column":11},"end":{"line":3,"column":61}},"type":"cond-expr","locations":[{"start":{"line":3,"column":37},"end":{"line":3,"column":40}},{"start":{"line":3,"column":43},"end":{"line":3,"column":61}}],"line":3},"2":{"loc":{"start":{"line":3,"column":12},"end":{"line":3,"column":33}},"type":"binary-expr","locations":[{"start":{"line":3,"column":12},"end":{"line":3,"column":15}},{"start":{"line":3,"column":19},"end":{"line":3,"column":33}}],"line":3}},"s":{"0":3,"1":3,"2":3,"3":3,"4":3,"5":3,"6":3,"7":3,"8":3,"9":3,"10":3,"11":3},"f":{"0":3},"b":{"0":[3,3,3],"1":[3,0],"2":[3,3]},"inputSourceMap":null,"_coverageSchema":"1a1c01bbd47fc00a2c39e90264f33305004495a9","hash":"44406129112b0543d5fc979da37426f35196eff7"}
,"C:\\collage\\web-app-assignment\\dist\\routes\\userRoutes.js": {"path":"C:\\collage\\web-app-assignment\\dist\\routes\\userRoutes.js","statementMap":{"0":{"start":{"line":2,"column":22},"end":{"line":4,"column":1}},"1":{"start":{"line":3,"column":4},"end":{"line":3,"column":62}},"2":{"start":{"line":5,"column":0},"end":{"line":5,"column":62}},"3":{"start":{"line":6,"column":18},"end":{"line":6,"column":53}},"4":{"start":{"line":7,"column":15},"end":{"line":7,"column":41}},"5":{"start":{"line":8,"column":26},"end":{"line":8,"column":84}},"6":{"start":{"line":9,"column":0},"end":{"line":9,"column":50}},"7":{"start":{"line":10,"column":0},"end":{"line":10,"column":54}},"8":{"start":{"line":11,"column":0},"end":{"line":11,"column":51}},"9":{"start":{"line":12,"column":0},"end":{"line":12,"column":53}},"10":{"start":{"line":13,"column":0},"end":{"line":13,"column":56}},"11":{"start":{"line":14,"column":0},"end":{"line":14,"column":25}}},"fnMap":{"0":{"name":"(anonymous_0)","decl":{"start":{"line":2,"column":56},"end":{"line":2,"column":57}},"loc":{"start":{"line":2,"column":71},"end":{"line":4,"column":1}},"line":2}},"branchMap":{"0":{"loc":{"start":{"line":2,"column":22},"end":{"line":4,"column":1}},"type":"binary-expr","locations":[{"start":{"line":2,"column":23},"end":{"line":2,"column":27}},{"start":{"line":2,"column":31},"end":{"line":2,"column":51}},{"start":{"line":2,"column":56},"end":{"line":4,"column":1}}],"line":2},"1":{"loc":{"start":{"line":3,"column":11},"end":{"line":3,"column":61}},"type":"cond-expr","locations":[{"start":{"line":3,"column":37},"end":{"line":3,"column":40}},{"start":{"line":3,"column":43},"end":{"line":3,"column":61}}],"line":3},"2":{"loc":{"start":{"line":3,"column":12},"end":{"line":3,"column":33}},"type":"binary-expr","locations":[{"start":{"line":3,"column":12},"end":{"line":3,"column":15}},{"start":{"line":3,"column":19},"end":{"line":3,"column":33}}],"line":3}},"s":{"0":3,"1":6,"2":3,"3":3,"4":3,"5":3,"6":3,"7":3,"8":3,"9":3,"10":3,"11":3},"f":{"0":6},"b":{"0":[3,3,3],"1":[3,3],"2":[6,6]},"inputSourceMap":null,"_coverageSchema":"1a1c01bbd47fc00a2c39e90264f33305004495a9","hash":"caea5f91754c58b4f9487dea3f490e29ccb8ca45"}
,"C:\\collage\\web-app-assignment\\src\\server.ts": {"path":"C:\\collage\\web-app-assignment\\src\\server.ts","statementMap":{"0":{"start":{"line":1,"column":0},"end":{"line":1,"column":37}},"1":{"start":{"line":2,"column":0},"end":{"line":2,"column":28}},"2":{"start":{"line":3,"column":0},"end":{"line":3,"column":43}},"3":{"start":{"line":4,"column":0},"end":{"line":4,"column":32}},"4":{"start":{"line":5,"column":0},"end":{"line":5,"column":51}},"5":{"start":{"line":6,"column":0},"end":{"line":6,"column":45}},"6":{"start":{"line":7,"column":0},"end":{"line":7,"column":45}},"7":{"start":{"line":8,"column":0},"end":{"line":8,"column":16}},"8":{"start":{"line":10,"column":12},"end":{"line":10,"column":21}},"9":{"start":{"line":11,"column":0},"end":{"line":11,"column":27}},"10":{"start":{"line":12,"column":0},"end":{"line":12,"column":51}},"11":{"start":{"line":13,"column":0},"end":{"line":13,"column":30}},"12":{"start":{"line":14,"column":0},"end":{"line":14,"column":36}},"13":{"start":{"line":15,"column":0},"end":{"line":15,"column":30}},"14":{"start":{"line":17,"column":11},"end":{"line":17,"column":30}},"15":{"start":{"line":18,"column":0},"end":{"line":18,"column":48}},"16":{"start":{"line":18,"column":26},"end":{"line":18,"column":46}},"17":{"start":{"line":19,"column":0},"end":{"line":19,"column":60}},"18":{"start":{"line":19,"column":22},"end":{"line":19,"column":58}},"19":{"start":{"line":21,"column":17},"end":{"line":36,"column":1}},"20":{"start":{"line":22,"column":2},"end":{"line":35,"column":5}},"21":{"start":{"line":23,"column":4},"end":{"line":34,"column":5}},"22":{"start":{"line":24,"column":6},"end":{"line":24,"column":55}},"23":{"start":{"line":26,"column":6},"end":{"line":33,"column":11}},"24":{"start":{"line":29,"column":10},"end":{"line":29,"column":23}},"25":{"start":{"line":32,"column":10},"end":{"line":32,"column":24}},"26":{"start":{"line":37,"column":0},"end":{"line":37,"column":24}}},"fnMap":{"0":{"name":"(anonymous_1)","decl":{"start":{"line":18,"column":15},"end":{"line":18,"column":16}},"loc":{"start":{"line":18,"column":26},"end":{"line":18,"column":46}}},"1":{"name":"(anonymous_2)","decl":{"start":{"line":19,"column":16},"end":{"line":19,"column":19}},"loc":{"start":{"line":19,"column":22},"end":{"line":19,"column":58}}},"2":{"name":"(anonymous_3)","decl":{"start":{"line":21,"column":17},"end":{"line":21,"column":20}},"loc":{"start":{"line":21,"column":22},"end":{"line":36,"column":1}}},"3":{"name":"(anonymous_4)","decl":{"start":{"line":22,"column":30},"end":{"line":22,"column":31}},"loc":{"start":{"line":22,"column":50},"end":{"line":35,"column":3}}},"4":{"name":"(anonymous_5)","decl":{"start":{"line":28,"column":14},"end":{"line":28,"column":17}},"loc":{"start":{"line":28,"column":19},"end":{"line":30,"column":9}}},"5":{"name":"(anonymous_6)","decl":{"start":{"line":31,"column":15},"end":{"line":31,"column":16}},"loc":{"start":{"line":31,"column":25},"end":{"line":33,"column":9}}}},"branchMap":{"0":{"loc":{"start":{"line":23,"column":4},"end":{"line":34,"column":5}},"type":"if","locations":[{"start":{"line":23,"column":4},"end":{"line":34,"column":5}},{"start":{"line":25,"column":11},"end":{"line":34,"column":5}}]}},"s":{"0":3,"1":3,"2":3,"3":3,"4":3,"5":3,"6":3,"7":3,"8":3,"9":3,"10":3,"11":3,"12":3,"13":3,"14":3,"15":3,"16":0,"17":3,"18":3,"19":3,"20":3,"21":3,"22":0,"23":3,"24":3,"25":0,"26":3},"f":{"0":0,"1":3,"2":3,"3":3,"4":3,"5":0},"b":{"0":[0,3]}}
,"C:\\collage\\web-app-assignment\\src\\controllers\\baseController.ts": {"path":"C:\\collage\\web-app-assignment\\src\\controllers\\baseController.ts","statementMap":{"0":{"start":{"line":8,"column":4},"end":{"line":8,"column":23}},"1":{"start":{"line":10,"column":4},"end":{"line":10,"column":41}},"2":{"start":{"line":11,"column":4},"end":{"line":11,"column":41}},"3":{"start":{"line":12,"column":4},"end":{"line":12,"column":43}},"4":{"start":{"line":13,"column":4},"end":{"line":13,"column":41}},"5":{"start":{"line":14,"column":4},"end":{"line":14,"column":41}},"6":{"start":{"line":18,"column":4},"end":{"line":28,"column":5}},"7":{"start":{"line":19,"column":45},"end":{"line":19,"column":47}},"8":{"start":{"line":20,"column":6},"end":{"line":22,"column":7}},"9":{"start":{"line":21,"column":8},"end":{"line":21,"column":63}},"10":{"start":{"line":21,"column":30},"end":{"line":21,"column":63}},"11":{"start":{"line":24,"column":20},"end":{"line":24,"column":71}},"12":{"start":{"line":25,"column":6},"end":{"line":25,"column":22}},"13":{"start":{"line":27,"column":6},"end":{"line":27,"column":34}},"14":{"start":{"line":32,"column":4},"end":{"line":32,"column":14}},"15":{"start":{"line":36,"column":15},"end":{"line":36,"column":28}},"16":{"start":{"line":38,"column":4},"end":{"line":47,"column":5}},"17":{"start":{"line":39,"column":19},"end":{"line":39,"column":48}},"18":{"start":{"line":40,"column":6},"end":{"line":44,"column":7}},"19":{"start":{"line":41,"column":8},"end":{"line":41,"column":23}},"20":{"start":{"line":43,"column":8},"end":{"line":43,"column":42}},"21":{"start":{"line":46,"column":6},"end":{"line":46,"column":34}},"22":{"start":{"line":51,"column":17},"end":{"line":51,"column":25}},"23":{"start":{"line":52,"column":4},"end":{"line":57,"column":5}},"24":{"start":{"line":53,"column":19},"end":{"line":53,"column":48}},"25":{"start":{"line":54,"column":6},"end":{"line":54,"column":33}},"26":{"start":{"line":56,"column":6},"end":{"line":56,"column":34}},"27":{"start":{"line":61,"column":15},"end":{"line":61,"column":28}},"28":{"start":{"line":62,"column":4},"end":{"line":67,"column":5}},"29":{"start":{"line":63,"column":17},"end":{"line":63,"column":55}},"30":{"start":{"line":64,"column":6},"end":{"line":64,"column":31}},"31":{"start":{"line":66,"column":6},"end":{"line":66,"column":34}},"32":{"start":{"line":71,"column":4},"end":{"line":71,"column":14}},"33":{"start":{"line":75,"column":15},"end":{"line":75,"column":78}},"34":{"start":{"line":76,"column":47},"end":{"line":76,"column":49}},"35":{"start":{"line":77,"column":4},"end":{"line":79,"column":5}},"36":{"start":{"line":78,"column":6},"end":{"line":78,"column":63}},"37":{"start":{"line":78,"column":27},"end":{"line":78,"column":63}},"38":{"start":{"line":81,"column":4},"end":{"line":99,"column":5}},"39":{"start":{"line":82,"column":21},"end":{"line":82,"column":32}},"40":{"start":{"line":84,"column":19},"end":{"line":89,"column":null}},"41":{"start":{"line":92,"column":6},"end":{"line":96,"column":7}},"42":{"start":{"line":93,"column":8},"end":{"line":93,"column":35}},"43":{"start":{"line":95,"column":8},"end":{"line":95,"column":42}},"44":{"start":{"line":98,"column":6},"end":{"line":98,"column":34}},"45":{"start":{"line":103,"column":0},"end":{"line":103,"column":30}}},"fnMap":{"0":{"name":"(anonymous_0)","decl":{"start":{"line":7,"column":2},"end":{"line":7,"column":14}},"loc":{"start":{"line":7,"column":24},"end":{"line":15,"column":3}}},"1":{"name":"(anonymous_1)","decl":{"start":{"line":17,"column":2},"end":{"line":17,"column":7}},"loc":{"start":{"line":17,"column":42},"end":{"line":29,"column":3}}},"2":{"name":"(anonymous_2)","decl":{"start":{"line":31,"column":2},"end":{"line":31,"column":17}},"loc":{"start":{"line":31,"column":17},"end":{"line":33,"column":3}}},"3":{"name":"(anonymous_3)","decl":{"start":{"line":35,"column":2},"end":{"line":35,"column":7}},"loc":{"start":{"line":35,"column":43},"end":{"line":48,"column":3}}},"4":{"name":"(anonymous_4)","decl":{"start":{"line":50,"column":2},"end":{"line":50,"column":7}},"loc":{"start":{"line":50,"column":42},"end":{"line":58,"column":3}}},"5":{"name":"(anonymous_5)","decl":{"start":{"line":60,"column":2},"end":{"line":60,"column":7}},"loc":{"start":{"line":60,"column":42},"end":{"line":68,"column":3}}},"6":{"name":"(anonymous_6)","decl":{"start":{"line":70,"column":2},"end":{"line":70,"column":17}},"loc":{"start":{"line":70,"column":17},"end":{"line":72,"column":3}}},"7":{"name":"(anonymous_7)","decl":{"start":{"line":74,"column":2},"end":{"line":74,"column":7}},"loc":{"start":{"line":74,"column":42},"end":{"line":100,"column":3}}}},"branchMap":{"0":{"loc":{"start":{"line":21,"column":8},"end":{"line":21,"column":63}},"type":"if","locations":[{"start":{"line":21,"column":8},"end":{"line":21,"column":63}},{"start":{},"end":{}}]},"1":{"loc":{"start":{"line":40,"column":6},"end":{"line":44,"column":7}},"type":"if","locations":[{"start":{"line":40,"column":6},"end":{"line":44,"column":7}},{"start":{"line":42,"column":13},"end":{"line":44,"column":7}}]},"2":{"loc":{"start":{"line":75,"column":15},"end":{"line":75,"column":78}},"type":"cond-expr","locations":[{"start":{"line":75,"column":46},"end":{"line":75,"column":62}},{"start":{"line":75,"column":65},"end":{"line":75,"column":78}}]},"3":{"loc":{"start":{"line":78,"column":6},"end":{"line":78,"column":63}},"type":"if","locations":[{"start":{"line":78,"column":6},"end":{"line":78,"column":63}},{"start":{},"end":{}}]},"4":{"loc":{"start":{"line":92,"column":6},"end":{"line":96,"column":7}},"type":"if","locations":[{"start":{"line":92,"column":6},"end":{"line":96,"column":7}},{"start":{"line":94,"column":13},"end":{"line":96,"column":7}}]}},"s":{"0":9,"1":9,"2":9,"3":9,"4":9,"5":9,"6":12,"7":12,"8":12,"9":20,"10":5,"11":12,"12":12,"13":0,"14":0,"15":6,"16":6,"17":6,"18":6,"19":3,"20":3,"21":0,"22":23,"23":23,"24":23,"25":7,"26":16,"27":6,"28":6,"29":6,"30":6,"31":0,"32":0,"33":8,"34":8,"35":8,"36":17,"37":8,"38":8,"39":8,"40":8,"41":8,"42":5,"43":3,"44":0,"45":3},"f":{"0":9,"1":12,"2":0,"3":6,"4":23,"5":6,"6":0,"7":8},"b":{"0":[5,15],"1":[3,3],"2":[0,8],"3":[8,9],"4":[5,3]}}
,"C:\\collage\\web-app-assignment\\src\\controllers\\commentsController.ts": {"path":"C:\\collage\\web-app-assignment\\src\\controllers\\commentsController.ts","statementMap":{"0":{"start":{"line":1,"column":0},"end":{"line":1,"column":66}},"1":{"start":{"line":3,"column":0},"end":{"line":3,"column":46}},"2":{"start":{"line":4,"column":0},"end":{"line":4,"column":44}},"3":{"start":{"line":5,"column":0},"end":{"line":5,"column":44}},"4":{"start":{"line":9,"column":4},"end":{"line":9,"column":25}},"5":{"start":{"line":13,"column":4},"end":{"line":31,"column":5}},"6":{"start":{"line":14,"column":6},"end":{"line":19,"column":7}},"7":{"start":{"line":15,"column":8},"end":{"line":18,"column":9}},"8":{"start":{"line":16,"column":10},"end":{"line":16,"column":49}},"9":{"start":{"line":17,"column":10},"end":{"line":17,"column":17}},"10":{"start":{"line":21,"column":6},"end":{"line":26,"column":7}},"11":{"start":{"line":22,"column":8},"end":{"line":25,"column":9}},"12":{"start":{"line":23,"column":10},"end":{"line":23,"column":51}},"13":{"start":{"line":24,"column":10},"end":{"line":24,"column":17}},"14":{"start":{"line":28,"column":6},"end":{"line":28,"column":35}},"15":{"start":{"line":30,"column":6},"end":{"line":30,"column":34}},"16":{"start":{"line":35,"column":4},"end":{"line":35,"column":32}},"17":{"start":{"line":39,"column":4},"end":{"line":39,"column":23}},"18":{"start":{"line":43,"column":0},"end":{"line":43,"column":40}}},"fnMap":{"0":{"name":"(anonymous_1)","decl":{"start":{"line":8,"column":2},"end":{"line":8,"column":null}},"loc":{"start":{"line":8,"column":2},"end":{"line":10,"column":3}}},"1":{"name":"(anonymous_2)","decl":{"start":{"line":12,"column":2},"end":{"line":12,"column":7}},"loc":{"start":{"line":12,"column":42},"end":{"line":32,"column":3}}},"2":{"name":"(anonymous_3)","decl":{"start":{"line":34,"column":2},"end":{"line":34,"column":17}},"loc":{"start":{"line":34,"column":17},"end":{"line":36,"column":3}}},"3":{"name":"(anonymous_4)","decl":{"start":{"line":38,"column":2},"end":{"line":38,"column":17}},"loc":{"start":{"line":38,"column":17},"end":{"line":40,"column":3}}}},"branchMap":{"0":{"loc":{"start":{"line":14,"column":6},"end":{"line":19,"column":7}},"type":"if","locations":[{"start":{"line":14,"column":6},"end":{"line":19,"column":7}},{"start":{},"end":{}}]},"1":{"loc":{"start":{"line":15,"column":8},"end":{"line":18,"column":9}},"type":"if","locations":[{"start":{"line":15,"column":8},"end":{"line":18,"column":9}},{"start":{},"end":{}}]},"2":{"loc":{"start":{"line":21,"column":6},"end":{"line":26,"column":7}},"type":"if","locations":[{"start":{"line":21,"column":6},"end":{"line":26,"column":7}},{"start":{},"end":{}}]},"3":{"loc":{"start":{"line":22,"column":8},"end":{"line":25,"column":9}},"type":"if","locations":[{"start":{"line":22,"column":8},"end":{"line":25,"column":9}},{"start":{},"end":{}}]}},"s":{"0":3,"1":3,"2":3,"3":3,"4":3,"5":9,"6":9,"7":7,"8":1,"9":1,"10":8,"11":6,"12":1,"13":1,"14":7,"15":0,"16":4,"17":2,"18":3},"f":{"0":3,"1":9,"2":4,"3":2},"b":{"0":[7,2],"1":[1,6],"2":[6,2],"3":[1,5]}}
,"C:\\collage\\web-app-assignment\\src\\controllers\\postsController.ts": {"path":"C:\\collage\\web-app-assignment\\src\\controllers\\postsController.ts","statementMap":{"0":{"start":{"line":2,"column":0},"end":{"line":2,"column":55}},"1":{"start":{"line":3,"column":0},"end":{"line":3,"column":44}},"2":{"start":{"line":4,"column":0},"end":{"line":4,"column":46}},"3":{"start":{"line":8,"column":4},"end":{"line":8,"column":21}},"4":{"start":{"line":12,"column":4},"end":{"line":21,"column":5}},"5":{"start":{"line":13,"column":6},"end":{"line":17,"column":7}},"6":{"start":{"line":14,"column":8},"end":{"line":16,"column":9}},"7":{"start":{"line":15,"column":10},"end":{"line":15,"column":46}},"8":{"start":{"line":18,"column":6},"end":{"line":18,"column":35}},"9":{"start":{"line":20,"column":6},"end":{"line":20,"column":53}},"10":{"start":{"line":25,"column":4},"end":{"line":25,"column":22}},"11":{"start":{"line":29,"column":4},"end":{"line":29,"column":32}},"12":{"start":{"line":33,"column":0},"end":{"line":33,"column":37}}},"fnMap":{"0":{"name":"(anonymous_1)","decl":{"start":{"line":7,"column":2},"end":{"line":7,"column":null}},"loc":{"start":{"line":7,"column":2},"end":{"line":9,"column":3}}},"1":{"name":"(anonymous_2)","decl":{"start":{"line":11,"column":2},"end":{"line":11,"column":7}},"loc":{"start":{"line":11,"column":42},"end":{"line":22,"column":3}}},"2":{"name":"(anonymous_3)","decl":{"start":{"line":24,"column":2},"end":{"line":24,"column":17}},"loc":{"start":{"line":24,"column":17},"end":{"line":26,"column":3}}},"3":{"name":"(anonymous_4)","decl":{"start":{"line":28,"column":2},"end":{"line":28,"column":17}},"loc":{"start":{"line":28,"column":17},"end":{"line":30,"column":3}}}},"branchMap":{"0":{"loc":{"start":{"line":13,"column":6},"end":{"line":17,"column":7}},"type":"if","locations":[{"start":{"line":13,"column":6},"end":{"line":17,"column":7}},{"start":{},"end":{}}]},"1":{"loc":{"start":{"line":14,"column":8},"end":{"line":16,"column":9}},"type":"if","locations":[{"start":{"line":14,"column":8},"end":{"line":16,"column":9}},{"start":{},"end":{}}]}},"s":{"0":3,"1":3,"2":3,"3":3,"4":8,"5":8,"6":6,"7":1,"8":7,"9":1,"10":4,"11":3,"12":3},"f":{"0":3,"1":8,"2":4,"3":3},"b":{"0":[6,2],"1":[1,5]}}
,"C:\\collage\\web-app-assignment\\src\\controllers\\usersController.ts": {"path":"C:\\collage\\web-app-assignment\\src\\controllers\\usersController.ts","statementMap":{"0":{"start":{"line":1,"column":0},"end":{"line":1,"column":55}},"1":{"start":{"line":3,"column":0},"end":{"line":3,"column":46}},"2":{"start":{"line":4,"column":0},"end":{"line":4,"column":28}},"3":{"start":{"line":8,"column":4},"end":{"line":8,"column":21}},"4":{"start":{"line":12,"column":4},"end":{"line":22,"column":5}},"5":{"start":{"line":13,"column":23},"end":{"line":13,"column":42}},"6":{"start":{"line":14,"column":6},"end":{"line":18,"column":7}},"7":{"start":{"line":15,"column":21},"end":{"line":15,"column":45}},"8":{"start":{"line":16,"column":31},"end":{"line":16,"column":64}},"9":{"start":{"line":17,"column":8},"end":{"line":17,"column":43}},"10":{"start":{"line":19,"column":6},"end":{"line":19,"column":35}},"11":{"start":{"line":21,"column":6},"end":{"line":21,"column":34}},"12":{"start":{"line":26,"column":4},"end":{"line":26,"column":33}},"13":{"start":{"line":30,"column":4},"end":{"line":30,"column":45}},"14":{"start":{"line":34,"column":0},"end":{"line":34,"column":37}}},"fnMap":{"0":{"name":"(anonymous_1)","decl":{"start":{"line":7,"column":2},"end":{"line":7,"column":null}},"loc":{"start":{"line":7,"column":2},"end":{"line":9,"column":3}}},"1":{"name":"(anonymous_2)","decl":{"start":{"line":11,"column":2},"end":{"line":11,"column":7}},"loc":{"start":{"line":11,"column":42},"end":{"line":23,"column":3}}},"2":{"name":"(anonymous_3)","decl":{"start":{"line":25,"column":2},"end":{"line":25,"column":17}},"loc":{"start":{"line":25,"column":17},"end":{"line":27,"column":3}}},"3":{"name":"(anonymous_4)","decl":{"start":{"line":29,"column":2},"end":{"line":29,"column":17}},"loc":{"start":{"line":29,"column":17},"end":{"line":31,"column":3}}}},"branchMap":{"0":{"loc":{"start":{"line":14,"column":6},"end":{"line":18,"column":7}},"type":"if","locations":[{"start":{"line":14,"column":6},"end":{"line":18,"column":7}},{"start":{},"end":{}}]}},"s":{"0":3,"1":3,"2":3,"3":3,"4":9,"5":9,"6":9,"7":7,"8":7,"9":7,"10":9,"11":0,"12":4,"13":3,"14":3},"f":{"0":3,"1":9,"2":4,"3":3},"b":{"0":[7,2]}}
,"C:\\collage\\web-app-assignment\\src\\models\\commentsModel.ts": {"path":"C:\\collage\\web-app-assignment\\src\\models\\commentsModel.ts","statementMap":{"0":{"start":{"line":1,"column":0},"end":{"line":1,"column":58}},"1":{"start":{"line":9,"column":22},"end":{"line":23,"column":2}},"2":{"start":{"line":25,"column":21},"end":{"line":25,"column":63}},"3":{"start":{"line":27,"column":0},"end":{"line":27,"column":28}}},"fnMap":{},"branchMap":{},"s":{"0":3,"1":3,"2":3,"3":3},"f":{},"b":{}}
,"C:\\collage\\web-app-assignment\\src\\models\\postModel.ts": {"path":"C:\\collage\\web-app-assignment\\src\\models\\postModel.ts","statementMap":{"0":{"start":{"line":1,"column":0},"end":{"line":1,"column":51}},"1":{"start":{"line":9,"column":19},"end":{"line":20,"column":2}},"2":{"start":{"line":22,"column":18},"end":{"line":22,"column":51}},"3":{"start":{"line":24,"column":0},"end":{"line":24,"column":25}}},"fnMap":{},"branchMap":{},"s":{"0":3,"1":3,"2":3,"3":3},"f":{},"b":{}}
,"C:\\collage\\web-app-assignment\\src\\models\\userModel.ts": {"path":"C:\\collage\\web-app-assignment\\src\\models\\userModel.ts","statementMap":{"0":{"start":{"line":1,"column":0},"end":{"line":1,"column":50}},"1":{"start":{"line":10,"column":19},"end":{"line":25,"column":2}},"2":{"start":{"line":27,"column":18},"end":{"line":27,"column":51}},"3":{"start":{"line":29,"column":0},"end":{"line":29,"column":25}}},"fnMap":{},"branchMap":{},"s":{"0":3,"1":3,"2":3,"3":3},"f":{},"b":{}}
,"C:\\collage\\web-app-assignment\\src\\routes\\commentRoutes.ts": {"path":"C:\\collage\\web-app-assignment\\src\\routes\\commentRoutes.ts","statementMap":{"0":{"start":{"line":1,"column":0},"end":{"line":1,"column":33}},"1":{"start":{"line":2,"column":0},"end":{"line":2,"column":67}},"2":{"start":{"line":3,"column":15},"end":{"line":3,"column":23}},"3":{"start":{"line":5,"column":0},"end":{"line":5,"column":43}},"4":{"start":{"line":7,"column":0},"end":{"line":7,"column":47}},"5":{"start":{"line":9,"column":0},"end":{"line":9,"column":44}},"6":{"start":{"line":11,"column":0},"end":{"line":11,"column":46}},"7":{"start":{"line":13,"column":0},"end":{"line":13,"column":49}},"8":{"start":{"line":15,"column":0},"end":{"line":15,"column":22}}},"fnMap":{},"branchMap":{},"s":{"0":3,"1":3,"2":3,"3":3,"4":3,"5":3,"6":3,"7":3,"8":3},"f":{},"b":{}}
,"C:\\collage\\web-app-assignment\\src\\routes\\postRoutes.ts": {"path":"C:\\collage\\web-app-assignment\\src\\routes\\postRoutes.ts","statementMap":{"0":{"start":{"line":1,"column":0},"end":{"line":1,"column":33}},"1":{"start":{"line":2,"column":0},"end":{"line":2,"column":61}},"2":{"start":{"line":4,"column":15},"end":{"line":4,"column":23}},"3":{"start":{"line":5,"column":0},"end":{"line":5,"column":40}},"4":{"start":{"line":6,"column":0},"end":{"line":6,"column":41}},"5":{"start":{"line":7,"column":0},"end":{"line":7,"column":44}},"6":{"start":{"line":8,"column":0},"end":{"line":8,"column":43}},"7":{"start":{"line":9,"column":0},"end":{"line":9,"column":46}},"8":{"start":{"line":11,"column":0},"end":{"line":11,"column":22}}},"fnMap":{},"branchMap":{},"s":{"0":3,"1":3,"2":3,"3":3,"4":3,"5":3,"6":3,"7":3,"8":3},"f":{},"b":{}}
,"C:\\collage\\web-app-assignment\\src\\routes\\userRoutes.ts": {"path":"C:\\collage\\web-app-assignment\\src\\routes\\userRoutes.ts","statementMap":{"0":{"start":{"line":1,"column":0},"end":{"line":1,"column":30}},"1":{"start":{"line":2,"column":15},"end":{"line":2,"column":31}},"2":{"start":{"line":3,"column":0},"end":{"line":3,"column":61}},"3":{"start":{"line":5,"column":0},"end":{"line":5,"column":40}},"4":{"start":{"line":7,"column":0},"end":{"line":7,"column":44}},"5":{"start":{"line":9,"column":0},"end":{"line":9,"column":41}},"6":{"start":{"line":11,"column":0},"end":{"line":11,"column":43}},"7":{"start":{"line":13,"column":0},"end":{"line":13,"column":46}},"8":{"start":{"line":15,"column":0},"end":{"line":15,"column":22}}},"fnMap":{},"branchMap":{},"s":{"0":3,"1":3,"2":3,"3":3,"4":3,"5":3,"6":3,"7":3,"8":3},"f":{},"b":{}}
}
