{"C:\\Users\\טל\\web-app-assignment\\src\\server.ts": {"path":"C:\\Users\\טל\\web-app-assignment\\src\\server.ts","statementMap":{"0":{"start":{"line":1,"column":0},"end":{"line":1,"column":37}},"1":{"start":{"line":2,"column":0},"end":{"line":2,"column":28}},"2":{"start":{"line":3,"column":0},"end":{"line":3,"column":43}},"3":{"start":{"line":4,"column":0},"end":{"line":4,"column":32}},"4":{"start":{"line":5,"column":0},"end":{"line":5,"column":51}},"5":{"start":{"line":6,"column":0},"end":{"line":6,"column":45}},"6":{"start":{"line":7,"column":0},"end":{"line":7,"column":45}},"7":{"start":{"line":8,"column":0},"end":{"line":8,"column":45}},"8":{"start":{"line":10,"column":0},"end":{"line":14,"column":1}},"9":{"start":{"line":11,"column":2},"end":{"line":11,"column":39}},"10":{"start":{"line":13,"column":2},"end":{"line":13,"column":18}},"11":{"start":{"line":16,"column":12},"end":{"line":16,"column":21}},"12":{"start":{"line":17,"column":0},"end":{"line":17,"column":27}},"13":{"start":{"line":18,"column":0},"end":{"line":18,"column":51}},"14":{"start":{"line":19,"column":0},"end":{"line":19,"column":29}},"15":{"start":{"line":20,"column":0},"end":{"line":20,"column":30}},"16":{"start":{"line":21,"column":0},"end":{"line":21,"column":36}},"17":{"start":{"line":22,"column":0},"end":{"line":22,"column":30}},"18":{"start":{"line":24,"column":11},"end":{"line":24,"column":30}},"19":{"start":{"line":25,"column":0},"end":{"line":25,"column":48}},"20":{"start":{"line":25,"column":26},"end":{"line":25,"column":46}},"21":{"start":{"line":26,"column":0},"end":{"line":26,"column":60}},"22":{"start":{"line":26,"column":22},"end":{"line":26,"column":58}},"23":{"start":{"line":28,"column":17},"end":{"line":43,"column":1}},"24":{"start":{"line":29,"column":2},"end":{"line":42,"column":5}},"25":{"start":{"line":30,"column":4},"end":{"line":41,"column":5}},"26":{"start":{"line":31,"column":6},"end":{"line":31,"column":55}},"27":{"start":{"line":33,"column":6},"end":{"line":40,"column":11}},"28":{"start":{"line":36,"column":10},"end":{"line":36,"column":23}},"29":{"start":{"line":39,"column":10},"end":{"line":39,"column":24}},"30":{"start":{"line":44,"column":0},"end":{"line":44,"column":24}}},"fnMap":{"0":{"name":"(anonymous_1)","decl":{"start":{"line":25,"column":15},"end":{"line":25,"column":16}},"loc":{"start":{"line":25,"column":26},"end":{"line":25,"column":46}}},"1":{"name":"(anonymous_2)","decl":{"start":{"line":26,"column":16},"end":{"line":26,"column":19}},"loc":{"start":{"line":26,"column":22},"end":{"line":26,"column":58}}},"2":{"name":"(anonymous_3)","decl":{"start":{"line":28,"column":17},"end":{"line":28,"column":20}},"loc":{"start":{"line":28,"column":22},"end":{"line":43,"column":1}}},"3":{"name":"(anonymous_4)","decl":{"start":{"line":29,"column":30},"end":{"line":29,"column":31}},"loc":{"start":{"line":29,"column":50},"end":{"line":42,"column":3}}},"4":{"name":"(anonymous_5)","decl":{"start":{"line":35,"column":14},"end":{"line":35,"column":17}},"loc":{"start":{"line":35,"column":19},"end":{"line":37,"column":9}}},"5":{"name":"(anonymous_6)","decl":{"start":{"line":38,"column":15},"end":{"line":38,"column":16}},"loc":{"start":{"line":38,"column":25},"end":{"line":40,"column":9}}}},"branchMap":{"0":{"loc":{"start":{"line":10,"column":0},"end":{"line":14,"column":1}},"type":"if","locations":[{"start":{"line":10,"column":0},"end":{"line":14,"column":1}},{"start":{"line":12,"column":7},"end":{"line":14,"column":1}}]},"1":{"loc":{"start":{"line":30,"column":4},"end":{"line":41,"column":5}},"type":"if","locations":[{"start":{"line":30,"column":4},"end":{"line":41,"column":5}},{"start":{"line":32,"column":11},"end":{"line":41,"column":5}}]}},"s":{"0":4,"1":4,"2":4,"3":4,"4":4,"5":4,"6":4,"7":4,"8":4,"9":4,"10":0,"11":4,"12":4,"13":4,"14":4,"15":4,"16":4,"17":4,"18":4,"19":4,"20":0,"21":4,"22":4,"23":4,"24":4,"25":4,"26":0,"27":4,"28":4,"29":0,"30":4},"f":{"0":0,"1":4,"2":4,"3":4,"4":4,"5":0},"b":{"0":[4,0],"1":[0,4]}}
,"C:\\Users\\טל\\web-app-assignment\\src\\controllers\\baseController.ts": {"path":"C:\\Users\\טל\\web-app-assignment\\src\\controllers\\baseController.ts","statementMap":{"0":{"start":{"line":8,"column":4},"end":{"line":8,"column":23}},"1":{"start":{"line":10,"column":4},"end":{"line":10,"column":41}},"2":{"start":{"line":11,"column":4},"end":{"line":11,"column":41}},"3":{"start":{"line":12,"column":4},"end":{"line":12,"column":43}},"4":{"start":{"line":13,"column":4},"end":{"line":13,"column":41}},"5":{"start":{"line":14,"column":4},"end":{"line":14,"column":41}},"6":{"start":{"line":18,"column":4},"end":{"line":28,"column":5}},"7":{"start":{"line":19,"column":45},"end":{"line":19,"column":47}},"8":{"start":{"line":20,"column":6},"end":{"line":22,"column":7}},"9":{"start":{"line":21,"column":8},"end":{"line":21,"column":63}},"10":{"start":{"line":21,"column":30},"end":{"line":21,"column":63}},"11":{"start":{"line":24,"column":20},"end":{"line":24,"column":71}},"12":{"start":{"line":25,"column":6},"end":{"line":25,"column":22}},"13":{"start":{"line":27,"column":6},"end":{"line":27,"column":34}},"14":{"start":{"line":32,"column":4},"end":{"line":32,"column":14}},"15":{"start":{"line":36,"column":15},"end":{"line":36,"column":28}},"16":{"start":{"line":38,"column":4},"end":{"line":47,"column":5}},"17":{"start":{"line":39,"column":19},"end":{"line":39,"column":48}},"18":{"start":{"line":40,"column":6},"end":{"line":44,"column":7}},"19":{"start":{"line":41,"column":8},"end":{"line":41,"column":23}},"20":{"start":{"line":43,"column":8},"end":{"line":43,"column":42}},"21":{"start":{"line":46,"column":6},"end":{"line":46,"column":34}},"22":{"start":{"line":51,"column":17},"end":{"line":51,"column":25}},"23":{"start":{"line":52,"column":4},"end":{"line":60,"column":5}},"24":{"start":{"line":53,"column":19},"end":{"line":53,"column":48}},"25":{"start":{"line":54,"column":6},"end":{"line":54,"column":33}},"26":{"start":{"line":56,"column":6},"end":{"line":58,"column":7}},"27":{"start":{"line":57,"column":8},"end":{"line":57,"column":45}},"28":{"start":{"line":59,"column":6},"end":{"line":59,"column":34}},"29":{"start":{"line":64,"column":15},"end":{"line":64,"column":28}},"30":{"start":{"line":65,"column":4},"end":{"line":70,"column":5}},"31":{"start":{"line":66,"column":17},"end":{"line":66,"column":55}},"32":{"start":{"line":67,"column":6},"end":{"line":67,"column":31}},"33":{"start":{"line":69,"column":6},"end":{"line":69,"column":34}},"34":{"start":{"line":74,"column":4},"end":{"line":74,"column":14}},"35":{"start":{"line":78,"column":15},"end":{"line":78,"column":78}},"36":{"start":{"line":79,"column":47},"end":{"line":79,"column":49}},"37":{"start":{"line":80,"column":4},"end":{"line":82,"column":5}},"38":{"start":{"line":81,"column":6},"end":{"line":81,"column":63}},"39":{"start":{"line":81,"column":27},"end":{"line":81,"column":63}},"40":{"start":{"line":84,"column":4},"end":{"line":105,"column":5}},"41":{"start":{"line":85,"column":21},"end":{"line":85,"column":32}},"42":{"start":{"line":87,"column":19},"end":{"line":92,"column":null}},"43":{"start":{"line":95,"column":6},"end":{"line":99,"column":7}},"44":{"start":{"line":96,"column":8},"end":{"line":96,"column":35}},"45":{"start":{"line":98,"column":8},"end":{"line":98,"column":42}},"46":{"start":{"line":101,"column":7},"end":{"line":103,"column":7}},"47":{"start":{"line":102,"column":8},"end":{"line":102,"column":45}},"48":{"start":{"line":104,"column":6},"end":{"line":104,"column":34}},"49":{"start":{"line":109,"column":0},"end":{"line":109,"column":30}}},"fnMap":{"0":{"name":"(anonymous_0)","decl":{"start":{"line":7,"column":2},"end":{"line":7,"column":14}},"loc":{"start":{"line":7,"column":24},"end":{"line":15,"column":3}}},"1":{"name":"(anonymous_1)","decl":{"start":{"line":17,"column":2},"end":{"line":17,"column":7}},"loc":{"start":{"line":17,"column":42},"end":{"line":29,"column":3}}},"2":{"name":"(anonymous_2)","decl":{"start":{"line":31,"column":2},"end":{"line":31,"column":17}},"loc":{"start":{"line":31,"column":17},"end":{"line":33,"column":3}}},"3":{"name":"(anonymous_3)","decl":{"start":{"line":35,"column":2},"end":{"line":35,"column":7}},"loc":{"start":{"line":35,"column":43},"end":{"line":48,"column":3}}},"4":{"name":"(anonymous_4)","decl":{"start":{"line":50,"column":2},"end":{"line":50,"column":7}},"loc":{"start":{"line":50,"column":42},"end":{"line":61,"column":3}}},"5":{"name":"(anonymous_5)","decl":{"start":{"line":63,"column":2},"end":{"line":63,"column":7}},"loc":{"start":{"line":63,"column":42},"end":{"line":71,"column":3}}},"6":{"name":"(anonymous_6)","decl":{"start":{"line":73,"column":2},"end":{"line":73,"column":17}},"loc":{"start":{"line":73,"column":17},"end":{"line":75,"column":3}}},"7":{"name":"(anonymous_7)","decl":{"start":{"line":77,"column":2},"end":{"line":77,"column":7}},"loc":{"start":{"line":77,"column":42},"end":{"line":106,"column":3}}}},"branchMap":{"0":{"loc":{"start":{"line":21,"column":8},"end":{"line":21,"column":63}},"type":"if","locations":[{"start":{"line":21,"column":8},"end":{"line":21,"column":63}},{"start":{},"end":{}}]},"1":{"loc":{"start":{"line":40,"column":6},"end":{"line":44,"column":7}},"type":"if","locations":[{"start":{"line":40,"column":6},"end":{"line":44,"column":7}},{"start":{"line":42,"column":13},"end":{"line":44,"column":7}}]},"2":{"loc":{"start":{"line":56,"column":6},"end":{"line":58,"column":7}},"type":"if","locations":[{"start":{"line":56,"column":6},"end":{"line":58,"column":7}},{"start":{},"end":{}}]},"3":{"loc":{"start":{"line":78,"column":15},"end":{"line":78,"column":78}},"type":"cond-expr","locations":[{"start":{"line":78,"column":46},"end":{"line":78,"column":62}},{"start":{"line":78,"column":65},"end":{"line":78,"column":78}}]},"4":{"loc":{"start":{"line":81,"column":6},"end":{"line":81,"column":63}},"type":"if","locations":[{"start":{"line":81,"column":6},"end":{"line":81,"column":63}},{"start":{},"end":{}}]},"5":{"loc":{"start":{"line":95,"column":6},"end":{"line":99,"column":7}},"type":"if","locations":[{"start":{"line":95,"column":6},"end":{"line":99,"column":7}},{"start":{"line":97,"column":13},"end":{"line":99,"column":7}}]},"6":{"loc":{"start":{"line":101,"column":7},"end":{"line":103,"column":7}},"type":"if","locations":[{"start":{"line":101,"column":7},"end":{"line":103,"column":7}},{"start":{},"end":{}}]}},"s":{"0":12,"1":12,"2":12,"3":12,"4":12,"5":12,"6":12,"7":12,"8":12,"9":20,"10":5,"11":12,"12":12,"13":0,"14":0,"15":6,"16":6,"17":6,"18":6,"19":3,"20":3,"21":0,"22":26,"23":26,"24":26,"25":10,"26":16,"27":2,"28":16,"29":4,"30":4,"31":4,"32":4,"33":0,"34":0,"35":10,"36":10,"37":10,"38":23,"39":10,"40":10,"41":10,"42":10,"43":8,"44":5,"45":3,"46":2,"47":2,"48":2,"49":4},"f":{"0":12,"1":12,"2":0,"3":6,"4":26,"5":4,"6":0,"7":10},"b":{"0":[5,15],"1":[3,3],"2":[2,14],"3":[0,10],"4":[10,13],"5":[5,3],"6":[2,0]}}
,"C:\\Users\\טל\\web-app-assignment\\src\\controllers\\commentsController.ts": {"path":"C:\\Users\\טל\\web-app-assignment\\src\\controllers\\commentsController.ts","statementMap":{"0":{"start":{"line":1,"column":0},"end":{"line":1,"column":66}},"1":{"start":{"line":3,"column":0},"end":{"line":3,"column":46}},"2":{"start":{"line":4,"column":0},"end":{"line":4,"column":44}},"3":{"start":{"line":9,"column":4},"end":{"line":9,"column":25}},"4":{"start":{"line":13,"column":4},"end":{"line":26,"column":5}},"5":{"start":{"line":14,"column":6},"end":{"line":19,"column":7}},"6":{"start":{"line":15,"column":8},"end":{"line":18,"column":9}},"7":{"start":{"line":16,"column":10},"end":{"line":16,"column":49}},"8":{"start":{"line":17,"column":10},"end":{"line":17,"column":17}},"9":{"start":{"line":21,"column":6},"end":{"line":21,"column":42}},"10":{"start":{"line":23,"column":6},"end":{"line":23,"column":35}},"11":{"start":{"line":25,"column":6},"end":{"line":25,"column":34}},"12":{"start":{"line":30,"column":4},"end":{"line":30,"column":32}},"13":{"start":{"line":34,"column":4},"end":{"line":34,"column":23}},"14":{"start":{"line":37,"column":0},"end":{"line":37,"column":40}}},"fnMap":{"0":{"name":"(anonymous_1)","decl":{"start":{"line":8,"column":2},"end":{"line":8,"column":null}},"loc":{"start":{"line":8,"column":2},"end":{"line":10,"column":3}}},"1":{"name":"(anonymous_2)","decl":{"start":{"line":12,"column":2},"end":{"line":12,"column":7}},"loc":{"start":{"line":12,"column":42},"end":{"line":27,"column":3}}},"2":{"name":"(anonymous_3)","decl":{"start":{"line":29,"column":2},"end":{"line":29,"column":17}},"loc":{"start":{"line":29,"column":17},"end":{"line":31,"column":3}}},"3":{"name":"(anonymous_4)","decl":{"start":{"line":33,"column":2},"end":{"line":33,"column":17}},"loc":{"start":{"line":33,"column":17},"end":{"line":35,"column":3}}}},"branchMap":{"0":{"loc":{"start":{"line":14,"column":6},"end":{"line":19,"column":7}},"type":"if","locations":[{"start":{"line":14,"column":6},"end":{"line":19,"column":7}},{"start":{},"end":{}}]},"1":{"loc":{"start":{"line":15,"column":8},"end":{"line":18,"column":9}},"type":"if","locations":[{"start":{"line":15,"column":8},"end":{"line":18,"column":9}},{"start":{},"end":{}}]}},"s":{"0":4,"1":4,"2":4,"3":4,"4":6,"5":6,"6":4,"7":1,"8":1,"9":5,"10":5,"11":0,"12":4,"13":2,"14":4},"f":{"0":4,"1":6,"2":4,"3":2},"b":{"0":[4,2],"1":[1,3]}}
,"C:\\Users\\טל\\web-app-assignment\\src\\controllers\\postsController.ts": {"path":"C:\\Users\\טל\\web-app-assignment\\src\\controllers\\postsController.ts","statementMap":{"0":{"start":{"line":2,"column":0},"end":{"line":2,"column":55}},"1":{"start":{"line":4,"column":0},"end":{"line":4,"column":46}},"2":{"start":{"line":8,"column":4},"end":{"line":8,"column":21}},"3":{"start":{"line":12,"column":4},"end":{"line":17,"column":5}},"4":{"start":{"line":13,"column":6},"end":{"line":13,"column":42}},"5":{"start":{"line":14,"column":6},"end":{"line":14,"column":35}},"6":{"start":{"line":16,"column":6},"end":{"line":16,"column":53}},"7":{"start":{"line":21,"column":4},"end":{"line":21,"column":22}},"8":{"start":{"line":25,"column":4},"end":{"line":25,"column":32}},"9":{"start":{"line":29,"column":0},"end":{"line":29,"column":37}}},"fnMap":{"0":{"name":"(anonymous_1)","decl":{"start":{"line":7,"column":2},"end":{"line":7,"column":null}},"loc":{"start":{"line":7,"column":2},"end":{"line":9,"column":3}}},"1":{"name":"(anonymous_2)","decl":{"start":{"line":11,"column":2},"end":{"line":11,"column":7}},"loc":{"start":{"line":11,"column":42},"end":{"line":18,"column":3}}},"2":{"name":"(anonymous_3)","decl":{"start":{"line":20,"column":2},"end":{"line":20,"column":17}},"loc":{"start":{"line":20,"column":17},"end":{"line":22,"column":3}}},"3":{"name":"(anonymous_4)","decl":{"start":{"line":24,"column":2},"end":{"line":24,"column":17}},"loc":{"start":{"line":24,"column":17},"end":{"line":26,"column":3}}}},"branchMap":{},"s":{"0":4,"1":4,"2":4,"3":8,"4":8,"5":8,"6":0,"7":4,"8":3,"9":4},"f":{"0":4,"1":8,"2":4,"3":3},"b":{}}
,"C:\\Users\\טל\\web-app-assignment\\src\\controllers\\usersController.ts": {"path":"C:\\Users\\טל\\web-app-assignment\\src\\controllers\\usersController.ts","statementMap":{"0":{"start":{"line":1,"column":0},"end":{"line":1,"column":55}},"1":{"start":{"line":3,"column":0},"end":{"line":3,"column":46}},"2":{"start":{"line":4,"column":0},"end":{"line":4,"column":28}},"3":{"start":{"line":6,"column":0},"end":{"line":6,"column":31}},"4":{"start":{"line":20,"column":22},"end":{"line":48,"column":1}},"5":{"start":{"line":22,"column":2},"end":{"line":24,"column":3}},"6":{"start":{"line":23,"column":4},"end":{"line":23,"column":16}},"7":{"start":{"line":26,"column":22},"end":{"line":26,"column":46}},"8":{"start":{"line":27,"column":22},"end":{"line":33,"column":null}},"9":{"start":{"line":35,"column":23},"end":{"line":41,"column":null}},"10":{"start":{"line":44,"column":2},"end":{"line":47,"column":4}},"11":{"start":{"line":50,"column":27},"end":{"line":105,"column":1}},"12":{"start":{"line":51,"column":2},"end":{"line":104,"column":5}},"13":{"start":{"line":53,"column":4},"end":{"line":56,"column":5}},"14":{"start":{"line":54,"column":6},"end":{"line":54,"column":21}},"15":{"start":{"line":55,"column":6},"end":{"line":55,"column":13}},"16":{"start":{"line":59,"column":4},"end":{"line":62,"column":5}},"17":{"start":{"line":60,"column":6},"end":{"line":60,"column":21}},"18":{"start":{"line":61,"column":6},"end":{"line":61,"column":13}},"19":{"start":{"line":64,"column":4},"end":{"line":103,"column":6}},"20":{"start":{"line":68,"column":8},"end":{"line":71,"column":9}},"21":{"start":{"line":69,"column":10},"end":{"line":69,"column":25}},"22":{"start":{"line":70,"column":10},"end":{"line":70,"column":17}},"23":{"start":{"line":74,"column":23},"end":{"line":74,"column":34}},"24":{"start":{"line":76,"column":8},"end":{"line":101,"column":9}},"25":{"start":{"line":78,"column":23},"end":{"line":78,"column":55}},"26":{"start":{"line":80,"column":10},"end":{"line":83,"column":11}},"27":{"start":{"line":81,"column":12},"end":{"line":81,"column":27}},"28":{"start":{"line":82,"column":12},"end":{"line":82,"column":19}},"29":{"start":{"line":85,"column":10},"end":{"line":90,"column":11}},"30":{"start":{"line":86,"column":12},"end":{"line":86,"column":35}},"31":{"start":{"line":87,"column":12},"end":{"line":87,"column":30}},"32":{"start":{"line":88,"column":12},"end":{"line":88,"column":27}},"33":{"start":{"line":89,"column":12},"end":{"line":89,"column":19}},"34":{"start":{"line":92,"column":25},"end":{"line":93,"column":null}},"35":{"start":{"line":93,"column":23},"end":{"line":93,"column":45}},"36":{"start":{"line":95,"column":10},"end":{"line":95,"column":37}},"37":{"start":{"line":97,"column":10},"end":{"line":97,"column":24}},"38":{"start":{"line":99,"column":10},"end":{"line":99,"column":25}},"39":{"start":{"line":100,"column":10},"end":{"line":100,"column":17}},"40":{"start":{"line":108,"column":4},"end":{"line":108,"column":21}},"41":{"start":{"line":110,"column":4},"end":{"line":110,"column":39}},"42":{"start":{"line":111,"column":4},"end":{"line":111,"column":41}},"43":{"start":{"line":112,"column":4},"end":{"line":112,"column":43}},"44":{"start":{"line":116,"column":4},"end":{"line":127,"column":5}},"45":{"start":{"line":117,"column":23},"end":{"line":117,"column":40}},"46":{"start":{"line":118,"column":6},"end":{"line":122,"column":7}},"47":{"start":{"line":119,"column":21},"end":{"line":119,"column":45}},"48":{"start":{"line":120,"column":31},"end":{"line":120,"column":64}},"49":{"start":{"line":121,"column":8},"end":{"line":121,"column":43}},"50":{"start":{"line":124,"column":6},"end":{"line":124,"column":35}},"51":{"start":{"line":126,"column":6},"end":{"line":126,"column":34}},"52":{"start":{"line":131,"column":4},"end":{"line":131,"column":33}},"53":{"start":{"line":135,"column":4},"end":{"line":135,"column":45}},"54":{"start":{"line":141,"column":4},"end":{"line":187,"column":5}},"55":{"start":{"line":142,"column":6},"end":{"line":142,"column":null}},"56":{"start":{"line":143,"column":19},"end":{"line":148,"column":8}},"57":{"start":{"line":149,"column":6},"end":{"line":152,"column":7}},"58":{"start":{"line":150,"column":8},"end":{"line":150,"column":65}},"59":{"start":{"line":151,"column":8},"end":{"line":151,"column":15}},"60":{"start":{"line":154,"column":28},"end":{"line":156,"column":null}},"61":{"start":{"line":158,"column":6},"end":{"line":161,"column":7}},"62":{"start":{"line":159,"column":8},"end":{"line":159,"column":65}},"63":{"start":{"line":160,"column":8},"end":{"line":160,"column":15}},"64":{"start":{"line":163,"column":6},"end":{"line":166,"column":7}},"65":{"start":{"line":164,"column":8},"end":{"line":164,"column":45}},"66":{"start":{"line":165,"column":8},"end":{"line":165,"column":15}},"67":{"start":{"line":168,"column":21},"end":{"line":168,"column":56}},"68":{"start":{"line":169,"column":6},"end":{"line":172,"column":7}},"69":{"start":{"line":170,"column":8},"end":{"line":170,"column":45}},"70":{"start":{"line":171,"column":8},"end":{"line":171,"column":15}},"71":{"start":{"line":174,"column":6},"end":{"line":176,"column":7}},"72":{"start":{"line":175,"column":8},"end":{"line":175,"column":31}},"73":{"start":{"line":177,"column":6},"end":{"line":177,"column":50}},"74":{"start":{"line":178,"column":6},"end":{"line":178,"column":24}},"75":{"start":{"line":180,"column":6},"end":{"line":184,"column":9}},"76":{"start":{"line":186,"column":6},"end":{"line":186,"column":32}},"77":{"start":{"line":191,"column":4},"end":{"line":198,"column":5}},"78":{"start":{"line":192,"column":19},"end":{"line":192,"column":66}},"79":{"start":{"line":193,"column":6},"end":{"line":193,"column":24}},"80":{"start":{"line":195,"column":6},"end":{"line":195,"column":38}},"81":{"start":{"line":197,"column":6},"end":{"line":197,"column":35}},"82":{"start":{"line":202,"column":4},"end":{"line":228,"column":5}},"83":{"start":{"line":203,"column":19},"end":{"line":203,"column":66}},"84":{"start":{"line":204,"column":6},"end":{"line":207,"column":7}},"85":{"start":{"line":205,"column":8},"end":{"line":205,"column":37}},"86":{"start":{"line":206,"column":8},"end":{"line":206,"column":15}},"87":{"start":{"line":209,"column":21},"end":{"line":209,"column":56}},"88":{"start":{"line":210,"column":6},"end":{"line":213,"column":7}},"89":{"start":{"line":211,"column":8},"end":{"line":211,"column":45}},"90":{"start":{"line":212,"column":8},"end":{"line":212,"column":15}},"91":{"start":{"line":215,"column":6},"end":{"line":217,"column":7}},"92":{"start":{"line":216,"column":8},"end":{"line":216,"column":31}},"93":{"start":{"line":218,"column":6},"end":{"line":218,"column":50}},"94":{"start":{"line":219,"column":6},"end":{"line":219,"column":24}},"95":{"start":{"line":221,"column":6},"end":{"line":225,"column":9}},"96":{"start":{"line":227,"column":6},"end":{"line":227,"column":35}},"97":{"start":{"line":232,"column":0},"end":{"line":232,"column":37}},"98":{"start":{"line":234,"column":30},"end":{"line":261,"column":1}},"99":{"start":{"line":239,"column":24},"end":{"line":239,"column":51}},"100":{"start":{"line":240,"column":16},"end":{"line":240,"column":60}},"101":{"start":{"line":242,"column":2},"end":{"line":245,"column":3}},"102":{"start":{"line":243,"column":4},"end":{"line":243,"column":42}},"103":{"start":{"line":244,"column":4},"end":{"line":244,"column":11}},"104":{"start":{"line":247,"column":2},"end":{"line":250,"column":3}},"105":{"start":{"line":248,"column":4},"end":{"line":248,"column":41}},"106":{"start":{"line":249,"column":4},"end":{"line":249,"column":11}},"107":{"start":{"line":252,"column":2},"end":{"line":260,"column":5}},"108":{"start":{"line":253,"column":4},"end":{"line":256,"column":5}},"109":{"start":{"line":254,"column":6},"end":{"line":254,"column":44}},"110":{"start":{"line":255,"column":6},"end":{"line":255,"column":13}},"111":{"start":{"line":258,"column":4},"end":{"line":258,"column":49}},"112":{"start":{"line":259,"column":4},"end":{"line":259,"column":11}},"113":{"start":{"line":234,"column":13},"end":{"line":234,"column":30}}},"fnMap":{"0":{"name":"(anonymous_1)","decl":{"start":{"line":20,"column":22},"end":{"line":20,"column":23}},"loc":{"start":{"line":20,"column":57},"end":{"line":48,"column":1}}},"1":{"name":"(anonymous_2)","decl":{"start":{"line":50,"column":27},"end":{"line":50,"column":28}},"loc":{"start":{"line":50,"column":64},"end":{"line":105,"column":1}}},"2":{"name":"(anonymous_3)","decl":{"start":{"line":51,"column":28},"end":{"line":51,"column":29}},"loc":{"start":{"line":51,"column":48},"end":{"line":104,"column":3}}},"3":{"name":"(anonymous_4)","decl":{"start":{"line":67,"column":6},"end":{"line":67,"column":11}},"loc":{"start":{"line":67,"column":39},"end":{"line":102,"column":7}}},"4":{"name":"(anonymous_5)","decl":{"start":{"line":93,"column":12},"end":{"line":93,"column":13}},"loc":{"start":{"line":93,"column":23},"end":{"line":93,"column":45}}},"5":{"name":"(anonymous_6)","decl":{"start":{"line":107,"column":2},"end":{"line":107,"column":null}},"loc":{"start":{"line":107,"column":2},"end":{"line":113,"column":3}}},"6":{"name":"(anonymous_7)","decl":{"start":{"line":115,"column":2},"end":{"line":115,"column":7}},"loc":{"start":{"line":115,"column":42},"end":{"line":128,"column":3}}},"7":{"name":"(anonymous_8)","decl":{"start":{"line":130,"column":2},"end":{"line":130,"column":17}},"loc":{"start":{"line":130,"column":17},"end":{"line":132,"column":3}}},"8":{"name":"(anonymous_9)","decl":{"start":{"line":134,"column":2},"end":{"line":134,"column":17}},"loc":{"start":{"line":134,"column":17},"end":{"line":136,"column":3}}},"9":{"name":"(anonymous_10)","decl":{"start":{"line":140,"column":2},"end":{"line":140,"column":7}},"loc":{"start":{"line":140,"column":41},"end":{"line":188,"column":3}}},"10":{"name":"(anonymous_11)","decl":{"start":{"line":190,"column":2},"end":{"line":190,"column":7}},"loc":{"start":{"line":190,"column":42},"end":{"line":199,"column":3}}},"11":{"name":"(anonymous_12)","decl":{"start":{"line":201,"column":2},"end":{"line":201,"column":7}},"loc":{"start":{"line":201,"column":43},"end":{"line":229,"column":3}}},"12":{"name":"(anonymous_13)","decl":{"start":{"line":234,"column":30},"end":{"line":234,"column":null}},"loc":{"start":{"line":238,"column":4},"end":{"line":261,"column":1}}},"13":{"name":"(anonymous_14)","decl":{"start":{"line":252,"column":46},"end":{"line":252,"column":47}},"loc":{"start":{"line":252,"column":73},"end":{"line":260,"column":3}}}},"branchMap":{"0":{"loc":{"start":{"line":22,"column":2},"end":{"line":24,"column":3}},"type":"if","locations":[{"start":{"line":22,"column":2},"end":{"line":24,"column":3}},{"start":{},"end":{}}]},"1":{"loc":{"start":{"line":33,"column":17},"end":{"line":33,"column":59}},"type":"binary-expr","locations":[{"start":{"line":33,"column":17},"end":{"line":33,"column":50}},{"start":{"line":33,"column":55},"end":{"line":33,"column":59}}]},"2":{"loc":{"start":{"line":41,"column":17},"end":{"line":41,"column":58}},"type":"binary-expr","locations":[{"start":{"line":41,"column":17},"end":{"line":41,"column":50}},{"start":{"line":41,"column":54},"end":{"line":41,"column":58}}]},"3":{"loc":{"start":{"line":53,"column":4},"end":{"line":56,"column":5}},"type":"if","locations":[{"start":{"line":53,"column":4},"end":{"line":56,"column":5}},{"start":{},"end":{}}]},"4":{"loc":{"start":{"line":59,"column":4},"end":{"line":62,"column":5}},"type":"if","locations":[{"start":{"line":59,"column":4},"end":{"line":62,"column":5}},{"start":{},"end":{}}]},"5":{"loc":{"start":{"line":68,"column":8},"end":{"line":71,"column":9}},"type":"if","locations":[{"start":{"line":68,"column":8},"end":{"line":71,"column":9}},{"start":{},"end":{}}]},"6":{"loc":{"start":{"line":80,"column":10},"end":{"line":83,"column":11}},"type":"if","locations":[{"start":{"line":80,"column":10},"end":{"line":83,"column":11}},{"start":{},"end":{}}]},"7":{"loc":{"start":{"line":85,"column":10},"end":{"line":90,"column":11}},"type":"if","locations":[{"start":{"line":85,"column":10},"end":{"line":90,"column":11}},{"start":{},"end":{}}]},"8":{"loc":{"start":{"line":85,"column":14},"end":{"line":85,"column":77}},"type":"binary-expr","locations":[{"start":{"line":85,"column":14},"end":{"line":85,"column":32}},{"start":{"line":85,"column":36},"end":{"line":85,"column":77}}]},"9":{"loc":{"start":{"line":118,"column":6},"end":{"line":122,"column":7}},"type":"if","locations":[{"start":{"line":118,"column":6},"end":{"line":122,"column":7}},{"start":{},"end":{}}]},"10":{"loc":{"start":{"line":145,"column":19},"end":{"line":145,"column":39}},"type":"binary-expr","locations":[{"start":{"line":145,"column":19},"end":{"line":145,"column":33}},{"start":{"line":145,"column":37},"end":{"line":145,"column":39}}]},"11":{"loc":{"start":{"line":146,"column":22},"end":{"line":146,"column":45}},"type":"binary-expr","locations":[{"start":{"line":146,"column":22},"end":{"line":146,"column":39}},{"start":{"line":146,"column":43},"end":{"line":146,"column":45}}]},"12":{"loc":{"start":{"line":149,"column":6},"end":{"line":152,"column":7}},"type":"if","locations":[{"start":{"line":149,"column":6},"end":{"line":152,"column":7}},{"start":{},"end":{}}]},"13":{"loc":{"start":{"line":158,"column":6},"end":{"line":161,"column":7}},"type":"if","locations":[{"start":{"line":158,"column":6},"end":{"line":161,"column":7}},{"start":{},"end":{}}]},"14":{"loc":{"start":{"line":163,"column":6},"end":{"line":166,"column":7}},"type":"if","locations":[{"start":{"line":163,"column":6},"end":{"line":166,"column":7}},{"start":{},"end":{}}]},"15":{"loc":{"start":{"line":169,"column":6},"end":{"line":172,"column":7}},"type":"if","locations":[{"start":{"line":169,"column":6},"end":{"line":172,"column":7}},{"start":{},"end":{}}]},"16":{"loc":{"start":{"line":174,"column":6},"end":{"line":176,"column":7}},"type":"if","locations":[{"start":{"line":174,"column":6},"end":{"line":176,"column":7}},{"start":{},"end":{}}]},"17":{"loc":{"start":{"line":204,"column":6},"end":{"line":207,"column":7}},"type":"if","locations":[{"start":{"line":204,"column":6},"end":{"line":207,"column":7}},{"start":{},"end":{}}]},"18":{"loc":{"start":{"line":210,"column":6},"end":{"line":213,"column":7}},"type":"if","locations":[{"start":{"line":210,"column":6},"end":{"line":213,"column":7}},{"start":{},"end":{}}]},"19":{"loc":{"start":{"line":215,"column":6},"end":{"line":217,"column":7}},"type":"if","locations":[{"start":{"line":215,"column":6},"end":{"line":217,"column":7}},{"start":{},"end":{}}]},"20":{"loc":{"start":{"line":240,"column":16},"end":{"line":240,"column":60}},"type":"binary-expr","locations":[{"start":{"line":240,"column":16},"end":{"line":240,"column":29}},{"start":{"line":240,"column":33},"end":{"line":240,"column":60}}]},"21":{"loc":{"start":{"line":242,"column":2},"end":{"line":245,"column":3}},"type":"if","locations":[{"start":{"line":242,"column":2},"end":{"line":245,"column":3}},{"start":{},"end":{}}]},"22":{"loc":{"start":{"line":247,"column":2},"end":{"line":250,"column":3}},"type":"if","locations":[{"start":{"line":247,"column":2},"end":{"line":250,"column":3}},{"start":{},"end":{}}]},"23":{"loc":{"start":{"line":253,"column":4},"end":{"line":256,"column":5}},"type":"if","locations":[{"start":{"line":253,"column":4},"end":{"line":256,"column":5}},{"start":{},"end":{}}]}},"s":{"0":4,"1":4,"2":4,"3":4,"4":4,"5":12,"6":0,"7":12,"8":12,"9":12,"10":12,"11":4,"12":9,"13":9,"14":1,"15":1,"16":8,"17":0,"18":0,"19":8,"20":8,"21":0,"22":0,"23":8,"24":8,"25":8,"26":8,"27":0,"28":0,"29":8,"30":3,"31":3,"32":3,"33":3,"34":5,"35":9,"36":5,"37":5,"38":0,"39":0,"40":4,"41":4,"42":4,"43":4,"44":13,"45":13,"46":13,"47":11,"48":11,"49":11,"50":13,"51":0,"52":4,"53":5,"54":12,"55":12,"56":12,"57":12,"58":3,"59":3,"60":9,"61":9,"62":1,"63":1,"64":8,"65":0,"66":0,"67":8,"68":8,"69":0,"70":0,"71":8,"72":0,"73":8,"74":8,"75":8,"76":0,"77":1,"78":1,"79":1,"80":1,"81":0,"82":8,"83":8,"84":4,"85":0,"86":0,"87":4,"88":4,"89":0,"90":0,"91":4,"92":0,"93":4,"94":4,"95":4,"96":4,"97":4,"98":4,"99":48,"100":48,"101":48,"102":1,"103":1,"104":47,"105":0,"106":0,"107":47,"108":47,"109":1,"110":1,"111":46,"112":46,"113":4},"f":{"0":12,"1":9,"2":9,"3":8,"4":9,"5":4,"6":13,"7":4,"8":5,"9":12,"10":1,"11":8,"12":48,"13":47},"b":{"0":[0,12],"1":[12,0],"2":[12,0],"3":[1,8],"4":[0,8],"5":[0,8],"6":[0,8],"7":[3,5],"8":[8,8],"9":[11,2],"10":[12,3],"11":[12,4],"12":[3,9],"13":[1,8],"14":[0,8],"15":[0,8],"16":[0,8],"17":[0,4],"18":[0,4],"19":[0,4],"20":[48,47],"21":[1,47],"22":[0,47],"23":[1,46]}}
,"C:\\Users\\טל\\web-app-assignment\\src\\models\\commentsModel.ts": {"path":"C:\\Users\\טל\\web-app-assignment\\src\\models\\commentsModel.ts","statementMap":{"0":{"start":{"line":1,"column":0},"end":{"line":1,"column":58}},"1":{"start":{"line":9,"column":22},"end":{"line":23,"column":2}},"2":{"start":{"line":25,"column":21},"end":{"line":25,"column":63}},"3":{"start":{"line":27,"column":0},"end":{"line":27,"column":28}}},"fnMap":{},"branchMap":{},"s":{"0":4,"1":4,"2":4,"3":4},"f":{},"b":{}}
,"C:\\Users\\טל\\web-app-assignment\\src\\models\\postModel.ts": {"path":"C:\\Users\\טל\\web-app-assignment\\src\\models\\postModel.ts","statementMap":{"0":{"start":{"line":1,"column":0},"end":{"line":1,"column":51}},"1":{"start":{"line":9,"column":19},"end":{"line":23,"column":2}},"2":{"start":{"line":25,"column":18},"end":{"line":25,"column":51}},"3":{"start":{"line":27,"column":0},"end":{"line":27,"column":25}}},"fnMap":{},"branchMap":{},"s":{"0":4,"1":4,"2":4,"3":4},"f":{},"b":{}}
,"C:\\Users\\טל\\web-app-assignment\\src\\models\\userModel.ts": {"path":"C:\\Users\\טל\\web-app-assignment\\src\\models\\userModel.ts","statementMap":{"0":{"start":{"line":1,"column":0},"end":{"line":1,"column":51}},"1":{"start":{"line":11,"column":19},"end":{"line":30,"column":2}},"2":{"start":{"line":32,"column":18},"end":{"line":32,"column":51}},"3":{"start":{"line":34,"column":0},"end":{"line":34,"column":25}}},"fnMap":{},"branchMap":{},"s":{"0":4,"1":4,"2":4,"3":4},"f":{},"b":{}}
,"C:\\Users\\טל\\web-app-assignment\\src\\routes\\authRoutes.ts": {"path":"C:\\Users\\טל\\web-app-assignment\\src\\routes\\authRoutes.ts","statementMap":{"0":{"start":{"line":1,"column":0},"end":{"line":1,"column":33}},"1":{"start":{"line":2,"column":0},"end":{"line":2,"column":61}},"2":{"start":{"line":4,"column":15},"end":{"line":4,"column":23}},"3":{"start":{"line":6,"column":0},"end":{"line":6,"column":49}},"4":{"start":{"line":7,"column":0},"end":{"line":7,"column":45}},"5":{"start":{"line":8,"column":0},"end":{"line":8,"column":49}},"6":{"start":{"line":9,"column":0},"end":{"line":9,"column":47}},"7":{"start":{"line":11,"column":0},"end":{"line":11,"column":22}}},"fnMap":{},"branchMap":{},"s":{"0":4,"1":4,"2":4,"3":4,"4":4,"5":4,"6":4,"7":4},"f":{},"b":{}}
,"C:\\Users\\טל\\web-app-assignment\\src\\routes\\commentRoutes.ts": {"path":"C:\\Users\\טל\\web-app-assignment\\src\\routes\\commentRoutes.ts","statementMap":{"0":{"start":{"line":1,"column":0},"end":{"line":1,"column":33}},"1":{"start":{"line":2,"column":0},"end":{"line":2,"column":67}},"2":{"start":{"line":3,"column":0},"end":{"line":3,"column":64}},"3":{"start":{"line":4,"column":15},"end":{"line":4,"column":23}},"4":{"start":{"line":6,"column":0},"end":{"line":6,"column":27}},"5":{"start":{"line":8,"column":0},"end":{"line":8,"column":43}},"6":{"start":{"line":10,"column":0},"end":{"line":10,"column":47}},"7":{"start":{"line":12,"column":0},"end":{"line":12,"column":44}},"8":{"start":{"line":14,"column":0},"end":{"line":14,"column":46}},"9":{"start":{"line":16,"column":0},"end":{"line":16,"column":49}},"10":{"start":{"line":18,"column":0},"end":{"line":18,"column":22}}},"fnMap":{},"branchMap":{},"s":{"0":4,"1":4,"2":4,"3":4,"4":4,"5":4,"6":4,"7":4,"8":4,"9":4,"10":4},"f":{},"b":{}}
,"C:\\Users\\טל\\web-app-assignment\\src\\routes\\postRoutes.ts": {"path":"C:\\Users\\טל\\web-app-assignment\\src\\routes\\postRoutes.ts","statementMap":{"0":{"start":{"line":1,"column":0},"end":{"line":1,"column":33}},"1":{"start":{"line":2,"column":0},"end":{"line":2,"column":61}},"2":{"start":{"line":3,"column":0},"end":{"line":3,"column":64}},"3":{"start":{"line":5,"column":15},"end":{"line":5,"column":23}},"4":{"start":{"line":6,"column":0},"end":{"line":6,"column":27}},"5":{"start":{"line":8,"column":0},"end":{"line":8,"column":40}},"6":{"start":{"line":9,"column":0},"end":{"line":9,"column":41}},"7":{"start":{"line":10,"column":0},"end":{"line":10,"column":44}},"8":{"start":{"line":11,"column":0},"end":{"line":11,"column":43}},"9":{"start":{"line":12,"column":0},"end":{"line":12,"column":46}},"10":{"start":{"line":14,"column":0},"end":{"line":14,"column":22}}},"fnMap":{},"branchMap":{},"s":{"0":4,"1":4,"2":4,"3":4,"4":4,"5":4,"6":4,"7":4,"8":4,"9":4,"10":4},"f":{},"b":{}}
,"C:\\Users\\טל\\web-app-assignment\\src\\routes\\userRoutes.ts": {"path":"C:\\Users\\טל\\web-app-assignment\\src\\routes\\userRoutes.ts","statementMap":{"0":{"start":{"line":1,"column":0},"end":{"line":1,"column":33}},"1":{"start":{"line":2,"column":0},"end":{"line":2,"column":81}},"2":{"start":{"line":3,"column":15},"end":{"line":3,"column":23}},"3":{"start":{"line":4,"column":0},"end":{"line":4,"column":27}},"4":{"start":{"line":6,"column":0},"end":{"line":6,"column":40}},"5":{"start":{"line":8,"column":0},"end":{"line":8,"column":44}},"6":{"start":{"line":10,"column":0},"end":{"line":10,"column":41}},"7":{"start":{"line":12,"column":0},"end":{"line":12,"column":43}},"8":{"start":{"line":14,"column":0},"end":{"line":14,"column":46}},"9":{"start":{"line":16,"column":0},"end":{"line":16,"column":22}}},"fnMap":{},"branchMap":{},"s":{"0":4,"1":4,"2":4,"3":4,"4":4,"5":4,"6":4,"7":4,"8":4,"9":4},"f":{},"b":{}}
}
