TN:
SF:src\server.ts
FN:25,(anonymous_1)
FN:26,(anonymous_2)
FN:28,(anonymous_3)
FN:29,(anonymous_4)
FN:35,(anonymous_5)
FN:38,(anonymous_6)
FNF:6
FNH:4
FNDA:0,(anonymous_1)
FNDA:4,(anonymous_2)
FNDA:4,(anonymous_3)
FNDA:4,(anonymous_4)
FNDA:4,(anonymous_5)
FNDA:0,(anonymous_6)
DA:1,4
DA:2,4
DA:3,4
DA:4,4
DA:5,4
DA:6,4
DA:7,4
DA:8,4
DA:10,4
DA:11,4
DA:13,0
DA:16,4
DA:17,4
DA:18,4
DA:19,4
DA:20,4
DA:21,4
DA:22,4
DA:24,4
DA:25,4
DA:26,4
DA:28,4
DA:29,4
DA:30,4
DA:31,0
DA:33,4
DA:36,4
DA:39,0
DA:44,4
LF:29
LH:26
BRDA:10,0,0,4
BRDA:10,0,1,0
BRDA:30,1,0,0
BRDA:30,1,1,4
BRF:4
BRH:2
end_of_record
TN:
SF:src\controllers\baseController.ts
FN:7,(anonymous_0)
FN:17,(anonymous_1)
FN:31,(anonymous_2)
FN:35,(anonymous_3)
FN:50,(anonymous_4)
FN:63,(anonymous_5)
FN:73,(anonymous_6)
FN:77,(anonymous_7)
FNF:8
FNH:6
FNDA:12,(anonymous_0)
FNDA:12,(anonymous_1)
FNDA:0,(anonymous_2)
FNDA:6,(anonymous_3)
FNDA:26,(anonymous_4)
FNDA:4,(anonymous_5)
FNDA:0,(anonymous_6)
FNDA:10,(anonymous_7)
DA:8,12
DA:10,12
DA:11,12
DA:12,12
DA:13,12
DA:14,12
DA:18,12
DA:19,12
DA:20,12
DA:21,20
DA:24,12
DA:25,12
DA:27,0
DA:32,0
DA:36,6
DA:38,6
DA:39,6
DA:40,6
DA:41,3
DA:43,3
DA:46,0
DA:51,26
DA:52,26
DA:53,26
DA:54,10
DA:56,16
DA:57,2
DA:59,16
DA:64,4
DA:65,4
DA:66,4
DA:67,4
DA:69,0
DA:74,0
DA:78,10
DA:79,10
DA:80,10
DA:81,23
DA:84,10
DA:85,10
DA:87,10
DA:95,8
DA:96,5
DA:98,3
DA:101,2
DA:102,2
DA:104,2
DA:109,4
LF:48
LH:43
BRDA:21,0,0,5
BRDA:21,0,1,15
BRDA:40,1,0,3
BRDA:40,1,1,3
BRDA:56,2,0,2
BRDA:56,2,1,14
BRDA:78,3,0,0
BRDA:78,3,1,10
BRDA:81,4,0,10
BRDA:81,4,1,13
BRDA:95,5,0,5
BRDA:95,5,1,3
BRDA:101,6,0,2
BRDA:101,6,1,0
BRF:14
BRH:12
end_of_record
TN:
SF:src\controllers\commentsController.ts
FN:8,(anonymous_1)
FN:12,(anonymous_2)
FN:29,(anonymous_3)
FN:33,(anonymous_4)
FNF:4
FNH:4
FNDA:4,(anonymous_1)
FNDA:6,(anonymous_2)
FNDA:4,(anonymous_3)
FNDA:2,(anonymous_4)
DA:1,4
DA:3,4
DA:4,4
DA:9,4
DA:13,6
DA:14,6
DA:15,4
DA:16,1
DA:17,1
DA:21,5
DA:23,5
DA:25,0
DA:30,4
DA:34,2
DA:37,4
LF:15
LH:14
BRDA:14,0,0,4
BRDA:14,0,1,2
BRDA:15,1,0,1
BRDA:15,1,1,3
BRF:4
BRH:4
end_of_record
TN:
SF:src\controllers\postsController.ts
FN:7,(anonymous_1)
FN:11,(anonymous_2)
FN:20,(anonymous_3)
FN:24,(anonymous_4)
FNF:4
FNH:4
FNDA:4,(anonymous_1)
FNDA:8,(anonymous_2)
FNDA:4,(anonymous_3)
FNDA:3,(anonymous_4)
DA:2,4
DA:4,4
DA:8,4
DA:12,8
DA:13,8
DA:14,8
DA:16,0
DA:21,4
DA:25,3
DA:29,4
LF:10
LH:9
BRF:0
BRH:0
end_of_record
TN:
SF:src\controllers\usersController.ts
FN:20,(anonymous_1)
FN:50,(anonymous_2)
FN:51,(anonymous_3)
FN:67,(anonymous_4)
FN:93,(anonymous_5)
FN:107,(anonymous_6)
FN:115,(anonymous_7)
FN:130,(anonymous_8)
FN:134,(anonymous_9)
FN:140,(anonymous_10)
FN:190,(anonymous_11)
FN:201,(anonymous_12)
FN:234,(anonymous_13)
FN:252,(anonymous_14)
FNF:14
FNH:14
FNDA:12,(anonymous_1)
FNDA:9,(anonymous_2)
FNDA:9,(anonymous_3)
FNDA:8,(anonymous_4)
FNDA:9,(anonymous_5)
FNDA:4,(anonymous_6)
FNDA:13,(anonymous_7)
FNDA:4,(anonymous_8)
FNDA:5,(anonymous_9)
FNDA:12,(anonymous_10)
FNDA:1,(anonymous_11)
FNDA:8,(anonymous_12)
FNDA:48,(anonymous_13)
FNDA:47,(anonymous_14)
DA:1,4
DA:3,4
DA:4,4
DA:6,4
DA:20,4
DA:22,12
DA:23,0
DA:26,12
DA:27,12
DA:35,12
DA:44,12
DA:50,4
DA:51,9
DA:53,9
DA:54,1
DA:55,1
DA:59,8
DA:60,0
DA:61,0
DA:64,8
DA:68,8
DA:69,0
DA:70,0
DA:74,8
DA:76,8
DA:78,8
DA:80,8
DA:81,0
DA:82,0
DA:85,8
DA:86,3
DA:87,3
DA:88,3
DA:89,3
DA:92,5
DA:93,9
DA:95,5
DA:97,5
DA:99,0
DA:100,0
DA:108,4
DA:110,4
DA:111,4
DA:112,4
DA:116,13
DA:117,13
DA:118,13
DA:119,11
DA:120,11
DA:121,11
DA:124,13
DA:126,0
DA:131,4
DA:135,5
DA:141,12
DA:142,12
DA:143,12
DA:149,12
DA:150,3
DA:151,3
DA:154,9
DA:158,9
DA:159,1
DA:160,1
DA:163,8
DA:164,0
DA:165,0
DA:168,8
DA:169,8
DA:170,0
DA:171,0
DA:174,8
DA:175,0
DA:177,8
DA:178,8
DA:180,8
DA:186,0
DA:191,1
DA:192,1
DA:193,1
DA:195,1
DA:197,0
DA:202,8
DA:203,8
DA:204,4
DA:205,0
DA:206,0
DA:209,4
DA:210,4
DA:211,0
DA:212,0
DA:215,4
DA:216,0
DA:218,4
DA:219,4
DA:221,4
DA:227,4
DA:232,4
DA:234,4
DA:239,48
DA:240,48
DA:242,48
DA:243,1
DA:244,1
DA:247,47
DA:248,0
DA:249,0
DA:252,47
DA:253,47
DA:254,1
DA:255,1
DA:258,46
DA:259,46
LF:113
LH:89
BRDA:22,0,0,0
BRDA:22,0,1,12
BRDA:33,1,0,12
BRDA:33,1,1,0
BRDA:41,2,0,12
BRDA:41,2,1,0
BRDA:53,3,0,1
BRDA:53,3,1,8
BRDA:59,4,0,0
BRDA:59,4,1,8
BRDA:68,5,0,0
BRDA:68,5,1,8
BRDA:80,6,0,0
BRDA:80,6,1,8
BRDA:85,7,0,3
BRDA:85,7,1,5
BRDA:85,8,0,8
BRDA:85,8,1,8
BRDA:118,9,0,11
BRDA:118,9,1,2
BRDA:145,10,0,12
BRDA:145,10,1,3
BRDA:146,11,0,12
BRDA:146,11,1,4
BRDA:149,12,0,3
BRDA:149,12,1,9
BRDA:158,13,0,1
BRDA:158,13,1,8
BRDA:163,14,0,0
BRDA:163,14,1,8
BRDA:169,15,0,0
BRDA:169,15,1,8
BRDA:174,16,0,0
BRDA:174,16,1,8
BRDA:204,17,0,0
BRDA:204,17,1,4
BRDA:210,18,0,0
BRDA:210,18,1,4
BRDA:215,19,0,0
BRDA:215,19,1,4
BRDA:240,20,0,48
BRDA:240,20,1,47
BRDA:242,21,0,1
BRDA:242,21,1,47
BRDA:247,22,0,0
BRDA:247,22,1,47
BRDA:253,23,0,1
BRDA:253,23,1,46
BRF:48
BRH:35
end_of_record
TN:
SF:src\models\commentsModel.ts
FNF:0
FNH:0
DA:1,4
DA:9,4
DA:25,4
DA:27,4
LF:4
LH:4
BRF:0
BRH:0
end_of_record
TN:
SF:src\models\postModel.ts
FNF:0
FNH:0
DA:1,4
DA:9,4
DA:25,4
DA:27,4
LF:4
LH:4
BRF:0
BRH:0
end_of_record
TN:
SF:src\models\userModel.ts
FNF:0
FNH:0
DA:1,4
DA:11,4
DA:32,4
DA:34,4
LF:4
LH:4
BRF:0
BRH:0
end_of_record
TN:
SF:src\routes\authRoutes.ts
FNF:0
FNH:0
DA:1,4
DA:2,4
DA:4,4
DA:6,4
DA:7,4
DA:8,4
DA:9,4
DA:11,4
LF:8
LH:8
BRF:0
BRH:0
end_of_record
TN:
SF:src\routes\commentRoutes.ts
FNF:0
FNH:0
DA:1,4
DA:2,4
DA:3,4
DA:4,4
DA:6,4
DA:8,4
DA:10,4
DA:12,4
DA:14,4
DA:16,4
DA:18,4
LF:11
LH:11
BRF:0
BRH:0
end_of_record
TN:
SF:src\routes\postRoutes.ts
FNF:0
FNH:0
DA:1,4
DA:2,4
DA:3,4
DA:5,4
DA:6,4
DA:8,4
DA:9,4
DA:10,4
DA:11,4
DA:12,4
DA:14,4
LF:11
LH:11
BRF:0
BRH:0
end_of_record
TN:
SF:src\routes\userRoutes.ts
FNF:0
FNH:0
DA:1,4
DA:2,4
DA:3,4
DA:4,4
DA:6,4
DA:8,4
DA:10,4
DA:12,4
DA:14,4
DA:16,4
LF:10
LH:10
BRF:0
BRH:0
end_of_record
