TN:
SF:dist\server.js
FN:2,(anonymous_0)
FN:21,(anonymous_1)
FN:22,(anonymous_2)
FN:23,(anonymous_3)
FN:24,(anonymous_4)
FN:31,(anonymous_5)
FN:34,(anonymous_6)
FNF:7
FNH:5
FNDA:21,(anonymous_0)
FNDA:0,(anonymous_1)
FNDA:3,(anonymous_2)
FNDA:3,(anonymous_3)
FNDA:3,(anonymous_4)
FNDA:3,(anonymous_5)
FNDA:0,(anonymous_6)
DA:2,3
DA:3,21
DA:5,3
DA:6,3
DA:7,3
DA:8,3
DA:9,3
DA:10,3
DA:11,3
DA:12,3
DA:13,3
DA:14,3
DA:15,3
DA:16,3
DA:17,3
DA:18,3
DA:19,3
DA:20,3
DA:21,3
DA:22,3
DA:23,3
DA:24,3
DA:25,3
DA:26,0
DA:29,3
DA:32,3
DA:35,0
DA:40,3
LF:28
LH:26
BRDA:2,0,0,3
BRDA:2,0,1,3
BRDA:2,0,2,3
BRDA:3,1,0,9
BRDA:3,1,1,12
BRDA:3,2,0,21
BRDA:3,2,1,21
BRDA:25,3,0,0
BRDA:25,3,1,3
BRF:9
BRH:8
end_of_record
TN:
SF:dist\controllers\baseController.js
FN:4,(anonymous_0)
FN:12,(anonymous_1)
FN:26,(anonymous_2)
FN:29,(anonymous_3)
FN:44,(anonymous_4)
FN:54,(anonymous_5)
FN:64,(anonymous_6)
FN:67,(anonymous_7)
FNF:8
FNH:6
FNDA:9,(anonymous_0)
FNDA:16,(anonymous_1)
FNDA:0,(anonymous_2)
FNDA:2,(anonymous_3)
FNDA:23,(anonymous_4)
FNDA:4,(anonymous_5)
FNDA:0,(anonymous_6)
FNDA:3,(anonymous_7)
DA:2,3
DA:5,9
DA:6,9
DA:7,9
DA:8,9
DA:9,9
DA:10,9
DA:13,16
DA:14,16
DA:15,16
DA:16,32
DA:17,5
DA:19,16
DA:20,15
DA:23,1
DA:27,0
DA:30,2
DA:31,2
DA:32,2
DA:33,2
DA:34,1
DA:37,1
DA:41,0
DA:45,23
DA:46,23
DA:47,23
DA:48,3
DA:51,20
DA:55,4
DA:56,4
DA:57,4
DA:58,3
DA:61,1
DA:65,0
DA:68,3
DA:69,3
DA:70,3
DA:71,9
DA:72,3
DA:74,3
DA:75,3
DA:76,3
DA:79,3
DA:80,2
DA:83,1
DA:87,0
DA:91,3
LF:47
LH:43
BRDA:16,0,0,5
BRDA:16,0,1,27
BRDA:33,1,0,1
BRDA:33,1,1,1
BRDA:68,2,0,0
BRDA:68,2,1,3
BRDA:71,3,0,3
BRDA:71,3,1,6
BRDA:79,4,0,2
BRDA:79,4,1,1
BRF:10
BRH:9
end_of_record
TN:
SF:dist\controllers\commentsController.js
FN:2,(anonymous_0)
FN:11,(anonymous_1)
FN:14,(anonymous_2)
FN:34,(anonymous_3)
FN:37,(anonymous_4)
FNF:5
FNH:4
FNDA:12,(anonymous_0)
FNDA:3,(anonymous_1)
FNDA:9,(anonymous_2)
FNDA:6,(anonymous_3)
FNDA:0,(anonymous_4)
DA:2,3
DA:3,12
DA:5,3
DA:6,3
DA:7,3
DA:8,3
DA:9,3
DA:12,3
DA:15,9
DA:16,9
DA:17,0
DA:18,0
DA:19,0
DA:22,9
DA:23,7
DA:24,2
DA:25,2
DA:28,7
DA:31,0
DA:35,6
DA:38,0
DA:41,3
LF:22
LH:17
BRDA:2,0,0,3
BRDA:2,0,1,3
BRDA:2,0,2,3
BRDA:3,1,0,12
BRDA:3,1,1,0
BRDA:3,2,0,12
BRDA:3,2,1,12
BRDA:16,3,0,0
BRDA:16,3,1,9
BRDA:17,4,0,0
BRDA:17,4,1,0
BRDA:22,5,0,7
BRDA:22,5,1,2
BRDA:23,6,0,2
BRDA:23,6,1,5
BRF:15
BRH:11
end_of_record
TN:
SF:dist\controllers\postsController.js
FN:2,(anonymous_0)
FN:11,(anonymous_1)
FN:14,(anonymous_2)
FN:28,(anonymous_3)
FN:31,(anonymous_4)
FNF:5
FNH:4
FNDA:9,(anonymous_0)
FNDA:3,(anonymous_1)
FNDA:8,(anonymous_2)
FNDA:6,(anonymous_3)
FNDA:0,(anonymous_4)
DA:2,3
DA:3,9
DA:5,3
DA:6,3
DA:7,3
DA:8,3
DA:9,3
DA:12,3
DA:15,8
DA:16,8
DA:17,6
DA:18,6
DA:19,1
DA:22,7
DA:25,1
DA:29,6
DA:32,0
DA:35,3
LF:18
LH:17
BRDA:2,0,0,3
BRDA:2,0,1,3
BRDA:2,0,2,3
BRDA:3,1,0,9
BRDA:3,1,1,0
BRDA:3,2,0,9
BRDA:3,2,1,9
BRDA:16,3,0,6
BRDA:16,3,1,2
BRDA:18,4,0,1
BRDA:18,4,1,5
BRF:11
BRH:10
end_of_record
TN:
SF:dist\controllers\usersController.js
FN:2,(anonymous_0)
FN:10,(anonymous_1)
FN:13,(anonymous_2)
FN:27,(anonymous_3)
FN:30,(anonymous_4)
FNF:5
FNH:5
FNDA:9,(anonymous_0)
FNDA:3,(anonymous_1)
FNDA:9,(anonymous_2)
FNDA:4,(anonymous_3)
FNDA:3,(anonymous_4)
DA:2,3
DA:3,9
DA:5,3
DA:6,3
DA:7,3
DA:8,3
DA:11,3
DA:14,9
DA:15,9
DA:16,9
DA:17,7
DA:18,7
DA:19,7
DA:21,9
DA:24,0
DA:28,4
DA:31,3
DA:34,3
LF:18
LH:17
BRDA:2,0,0,3
BRDA:2,0,1,3
BRDA:2,0,2,3
BRDA:3,1,0,6
BRDA:3,1,1,3
BRDA:3,2,0,9
BRDA:3,2,1,9
BRDA:16,3,0,7
BRDA:16,3,1,2
BRF:9
BRH:9
end_of_record
TN:
SF:dist\models\commentsModel.js
FNF:0
FNH:0
DA:2,3
DA:3,3
DA:4,3
DA:19,3
DA:20,3
LF:5
LH:5
BRF:0
BRH:0
end_of_record
TN:
SF:dist\models\postModel.js
FNF:0
FNH:0
DA:2,3
DA:3,3
DA:4,3
DA:15,3
DA:16,3
LF:5
LH:5
BRF:0
BRH:0
end_of_record
TN:
SF:dist\models\userModel.js
FNF:0
FNH:0
DA:2,3
DA:3,3
DA:4,3
DA:20,3
DA:21,3
LF:5
LH:5
BRF:0
BRH:0
end_of_record
TN:
SF:dist\routes\commentRoutes.js
FN:2,(anonymous_0)
FNF:1
FNH:1
FNDA:3,(anonymous_0)
DA:2,3
DA:3,3
DA:5,3
DA:6,3
DA:7,3
DA:8,3
DA:9,3
DA:10,3
DA:11,3
DA:12,3
DA:13,3
DA:14,3
LF:12
LH:12
BRDA:2,0,0,3
BRDA:2,0,1,3
BRDA:2,0,2,3
BRDA:3,1,0,3
BRDA:3,1,1,0
BRDA:3,2,0,3
BRDA:3,2,1,3
BRF:7
BRH:6
end_of_record
TN:
SF:dist\routes\postRoutes.js
FN:2,(anonymous_0)
FNF:1
FNH:1
FNDA:3,(anonymous_0)
DA:2,3
DA:3,3
DA:5,3
DA:6,3
DA:7,3
DA:8,3
DA:9,3
DA:10,3
DA:11,3
DA:12,3
DA:13,3
DA:14,3
LF:12
LH:12
BRDA:2,0,0,3
BRDA:2,0,1,3
BRDA:2,0,2,3
BRDA:3,1,0,3
BRDA:3,1,1,0
BRDA:3,2,0,3
BRDA:3,2,1,3
BRF:7
BRH:6
end_of_record
TN:
SF:dist\routes\userRoutes.js
FN:2,(anonymous_0)
FNF:1
FNH:1
FNDA:6,(anonymous_0)
DA:2,3
DA:3,6
DA:5,3
DA:6,3
DA:7,3
DA:8,3
DA:9,3
DA:10,3
DA:11,3
DA:12,3
DA:13,3
DA:14,3
LF:12
LH:12
BRDA:2,0,0,3
BRDA:2,0,1,3
BRDA:2,0,2,3
BRDA:3,1,0,3
BRDA:3,1,1,3
BRDA:3,2,0,6
BRDA:3,2,1,6
BRF:7
BRH:7
end_of_record
TN:
SF:src\server.ts
FN:18,(anonymous_1)
FN:19,(anonymous_2)
FN:21,(anonymous_3)
FN:22,(anonymous_4)
FN:28,(anonymous_5)
FN:31,(anonymous_6)
FNF:6
FNH:4
FNDA:0,(anonymous_1)
FNDA:3,(anonymous_2)
FNDA:3,(anonymous_3)
FNDA:3,(anonymous_4)
FNDA:3,(anonymous_5)
FNDA:0,(anonymous_6)
DA:1,3
DA:2,3
DA:3,3
DA:4,3
DA:5,3
DA:6,3
DA:7,3
DA:8,3
DA:10,3
DA:11,3
DA:12,3
DA:13,3
DA:14,3
DA:15,3
DA:17,3
DA:18,3
DA:19,3
DA:21,3
DA:22,3
DA:23,3
DA:24,0
DA:26,3
DA:29,3
DA:32,0
DA:37,3
LF:25
LH:23
BRDA:23,0,0,0
BRDA:23,0,1,3
BRF:2
BRH:1
end_of_record
TN:
SF:src\controllers\baseController.ts
FN:7,(anonymous_0)
FN:17,(anonymous_1)
FN:31,(anonymous_2)
FN:35,(anonymous_3)
FN:50,(anonymous_4)
FN:60,(anonymous_5)
FN:70,(anonymous_6)
FN:74,(anonymous_7)
FNF:8
FNH:6
FNDA:9,(anonymous_0)
FNDA:12,(anonymous_1)
FNDA:0,(anonymous_2)
FNDA:6,(anonymous_3)
FNDA:23,(anonymous_4)
FNDA:6,(anonymous_5)
FNDA:0,(anonymous_6)
FNDA:8,(anonymous_7)
DA:8,9
DA:10,9
DA:11,9
DA:12,9
DA:13,9
DA:14,9
DA:18,12
DA:19,12
DA:20,12
DA:21,20
DA:24,12
DA:25,12
DA:27,0
DA:32,0
DA:36,6
DA:38,6
DA:39,6
DA:40,6
DA:41,3
DA:43,3
DA:46,0
DA:51,23
DA:52,23
DA:53,23
DA:54,7
DA:56,16
DA:61,6
DA:62,6
DA:63,6
DA:64,6
DA:66,0
DA:71,0
DA:75,8
DA:76,8
DA:77,8
DA:78,17
DA:81,8
DA:82,8
DA:84,8
DA:92,8
DA:93,5
DA:95,3
DA:98,0
DA:103,3
LF:44
LH:38
BRDA:21,0,0,5
BRDA:21,0,1,15
BRDA:40,1,0,3
BRDA:40,1,1,3
BRDA:75,2,0,0
BRDA:75,2,1,8
BRDA:78,3,0,8
BRDA:78,3,1,9
BRDA:92,4,0,5
BRDA:92,4,1,3
BRF:10
BRH:9
end_of_record
TN:
SF:src\controllers\commentsController.ts
FN:8,(anonymous_1)
FN:12,(anonymous_2)
FN:34,(anonymous_3)
FN:38,(anonymous_4)
FNF:4
FNH:4
FNDA:3,(anonymous_1)
FNDA:9,(anonymous_2)
FNDA:4,(anonymous_3)
FNDA:2,(anonymous_4)
DA:1,3
DA:3,3
DA:4,3
DA:5,3
DA:9,3
DA:13,9
DA:14,9
DA:15,7
DA:16,1
DA:17,1
DA:21,8
DA:22,6
DA:23,1
DA:24,1
DA:28,7
DA:30,0
DA:35,4
DA:39,2
DA:43,3
LF:19
LH:18
BRDA:14,0,0,7
BRDA:14,0,1,2
BRDA:15,1,0,1
BRDA:15,1,1,6
BRDA:21,2,0,6
BRDA:21,2,1,2
BRDA:22,3,0,1
BRDA:22,3,1,5
BRF:8
BRH:8
end_of_record
TN:
SF:src\controllers\postsController.ts
FN:7,(anonymous_1)
FN:11,(anonymous_2)
FN:24,(anonymous_3)
FN:28,(anonymous_4)
FNF:4
FNH:4
FNDA:3,(anonymous_1)
FNDA:8,(anonymous_2)
FNDA:4,(anonymous_3)
FNDA:3,(anonymous_4)
DA:2,3
DA:3,3
DA:4,3
DA:8,3
DA:12,8
DA:13,8
DA:14,6
DA:15,1
DA:18,7
DA:20,1
DA:25,4
DA:29,3
DA:33,3
LF:13
LH:13
BRDA:13,0,0,6
BRDA:13,0,1,2
BRDA:14,1,0,1
BRDA:14,1,1,5
BRF:4
BRH:4
end_of_record
TN:
SF:src\controllers\usersController.ts
FN:7,(anonymous_1)
FN:11,(anonymous_2)
FN:25,(anonymous_3)
FN:29,(anonymous_4)
FNF:4
FNH:4
FNDA:3,(anonymous_1)
FNDA:9,(anonymous_2)
FNDA:4,(anonymous_3)
FNDA:3,(anonymous_4)
DA:1,3
DA:3,3
DA:4,3
DA:8,3
DA:12,9
DA:13,9
DA:14,9
DA:15,7
DA:16,7
DA:17,7
DA:19,9
DA:21,0
DA:26,4
DA:30,3
DA:34,3
LF:15
LH:14
BRDA:14,0,0,7
BRDA:14,0,1,2
BRF:2
BRH:2
end_of_record
TN:
SF:src\models\commentsModel.ts
FNF:0
FNH:0
DA:1,3
DA:9,3
DA:25,3
DA:27,3
LF:4
LH:4
BRF:0
BRH:0
end_of_record
TN:
SF:src\models\postModel.ts
FNF:0
FNH:0
DA:1,3
DA:9,3
DA:22,3
DA:24,3
LF:4
LH:4
BRF:0
BRH:0
end_of_record
TN:
SF:src\models\userModel.ts
FNF:0
FNH:0
DA:1,3
DA:10,3
DA:27,3
DA:29,3
LF:4
LH:4
BRF:0
BRH:0
end_of_record
TN:
SF:src\routes\commentRoutes.ts
FNF:0
FNH:0
DA:1,3
DA:2,3
DA:3,3
DA:5,3
DA:7,3
DA:9,3
DA:11,3
DA:13,3
DA:15,3
LF:9
LH:9
BRF:0
BRH:0
end_of_record
TN:
SF:src\routes\postRoutes.ts
FNF:0
FNH:0
DA:1,3
DA:2,3
DA:4,3
DA:5,3
DA:6,3
DA:7,3
DA:8,3
DA:9,3
DA:11,3
LF:9
LH:9
BRF:0
BRH:0
end_of_record
TN:
SF:src\routes\userRoutes.ts
FNF:0
FNH:0
DA:1,3
DA:2,3
DA:3,3
DA:5,3
DA:7,3
DA:9,3
DA:11,3
DA:13,3
DA:15,3
LF:9
LH:9
BRF:0
BRH:0
end_of_record
